#
# A fatal error has been detected by the Java Runtime Environment:
#
#  SIGSEGV (0xb) at pc=0x000000012a4ea761, pid=3121, tid=56507
#
# JRE version: Java(TM) SE Runtime Environment (7.0_79-b15) (build 1.7.0_79-b15)
# Java VM: Java HotSpot(TM) 64-Bit Server VM (24.79-b02 mixed mode bsd-amd64 compressed oops)
# Problematic frame:
# C  [libmapper-0.2.dylib+0xb761]  msig_update_internal+0x61
#
# Failed to write core dump. Core dumps have been disabled. To enable core dumping, try "ulimit -c unlimited" before starting Java again
#
# If you would like to submit a bug report, please visit:
#   http://bugreport.java.com/bugreport/crash.jsp
# The crash happened outside the Java Virtual Machine in native code.
# See problematic frame for where to report the bug.
#

---------------  T H R E A D  ---------------

Current thread (0x00007fa1ea831000):  JavaThread "EventThread /dev/tty.usbmodem14121" [_thread_in_native, id=56507, stack(0x000000012a51f000,0x000000012a61f000)]

siginfo:si_signo=SIGSEGV: si_errno=0, si_code=0 (SEGV0), si_addr=0x0000000000000000

Registers:
RAX=0x0000000000000004, RBX=0x00007fa1e9785d00, RCX=0x000000012a4f8320, RDX=0x0000000000000004
RSP=0x000000012a61e340, RBP=0x000000012a61e380, RSI=0x0000000000000000, RDI=0x00007fa1e9785d00
R8 =0x3f4128bed9fe0a71, R9 =0x00000007af591990, R10=0x00000000000000ce, R11=0x000000010d8a4990
R12=0x0000000000000001, R13=0xb00007fa1e9639f3, R14=0x0000000000000000, R15=0x000000012a61e3fc
RIP=0x000000012a4ea761, EFLAGS=0x0000000000010202, ERR=0x0000000000000000
  TRAPNO=0x000000000000000d

Top of Stack: (sp=0x000000012a61e340)
0x000000012a61e340:   000000040003c530 00007fa1e958cbc8
0x000000012a61e350:   3f4128bed9fe0a71 00007fa1e9785d00
0x000000012a61e360:   00007fa1e958cbe4 00007fa1ea8311e8
0x000000012a61e370:   0000000000000001 000000012a61e3fc
0x000000012a61e380:   000000012a61e3c0 000000012a4ea311
0x000000012a61e390:   0000000100000000 0000000100000000
0x000000012a61e3a0:   000000012a61e840 00007fff7f7c1070
0x000000012a61e3b0:   00007fa1e9785d00 0000000000000000
0x000000012a61e3c0:   000000012a61e830 000000012a4d2a7a
0x000000012a61e3d0:   00000006fb3151d1 000000012a61e478
0x000000012a61e3e0:   00000006fb315818 0000000000000000
0x000000012a61e3f0:   00000006fb3151e0 000000c800000000
0x000000012a61e400:   000000012a61e480 00000007aae76548
0x000000012a61e410:   0000000000000000 00000000000000ff
0x000000012a61e420:   00000007af58c4f8 000000012a61e428
0x000000012a61e430:   00000006fb362a70 000000012a61e4c0
0x000000012a61e440:   00000006fb3848e0 0000000000000000
0x000000012a61e450:   00000006fb362d60 0000000000000000
0x000000012a61e460:   000000012a61e4a0 000000012a61e508
0x000000012a61e470:   000000010e509058 0000000000000000
0x000000012a61e480:   0000000000000000 0000000000000000
0x000000012a61e490:   0000000000000000 0000000000000000
0x000000012a61e4a0:   00000001437f0000 0000000041980000
0x000000012a61e4b0:   0000000000000000 0000000743690000
0x000000012a61e4c0:   00000007af58c4f8 000000012a61e4c8
0x000000012a61e4d0:   00000006fb3628f8 000000012a61e530
0x000000012a61e4e0:   00000006fb3848e0 0000000000000000
0x000000012a61e4f0:   00000006fb362938 0000000000000000
0x000000012a61e500:   000000012a61e518 000000012a61e578
0x000000012a61e510:   000000010e509058 0000000141980000
0x000000012a61e520:   0000000700000000 00007fff8f084620
0x000000012a61e530:   00000007af58c4f8 00002d038f084c70 

Instructions: (pc=0x000000012a4ea761)
0x000000012a4ea741:   4b 08 83 c1 9c 31 c0 83 f9 05 77 0d 48 63 c1 48
0x000000012a4ea751:   8d 0d c9 db 00 00 8b 04 81 0f af 43 0c 48 63 d0
0x000000012a4ea761:   49 8b 7d 20 41 8d 44 24 ff 48 63 f0 48 0f af f2
0x000000012a4ea771:   4c 01 fe e8 75 d6 00 00 41 c7 45 18 01 00 00 00 

Register to memory mapping:

RAX=0x0000000000000004 is an unknown value
RBX=0x00007fa1e9785d00 is an unknown value
RCX=0x000000012a4f8320: N_MONITOR_HANDLERS+0x4c in /usr/local/lib/libmapper-0.2.dylib at 0x000000012a4df000
RDX=0x0000000000000004 is an unknown value
RSP=0x000000012a61e340 is pointing into the stack for thread: 0x00007fa1ea831000
RBP=0x000000012a61e380 is pointing into the stack for thread: 0x00007fa1ea831000
RSI=0x0000000000000000 is an unknown value
RDI=0x00007fa1e9785d00 is an unknown value
R8 =0x3f4128bed9fe0a71 is an unknown value
R9 =0x00000007af591990 is an oop
Mapper.Device$Signal 
 - klass: 'Mapper/Device$Signal'
R10=0x00000000000000ce is an unknown value
R11=0x000000010d8a4990: _ZN20SafepointSynchronize18_safepoint_counterE+0 in /Library/Java/JavaVirtualMachines/jdk1.7.0_79.jdk/Contents/Home/jre/lib/server/libjvm.dylib at 0x000000010d08c000
R12=0x0000000000000001 is an unknown value
R13=0xb00007fa1e9639f3 is an unknown value
R14=0x0000000000000000 is an unknown value
R15=0x000000012a61e3fc is pointing into the stack for thread: 0x00007fa1ea831000


Stack: [0x000000012a51f000,0x000000012a61f000],  sp=0x000000012a61e340,  free space=1020k
Native frames: (J=compiled Java code, j=interpreted, Vv=VM code, C=native code)
C  [libmapper-0.2.dylib+0xb761]  msig_update_internal+0x61
C  [libmapper-0.2.dylib+0xb311]  msig_update+0x81
C  [libmapperjni-0.2.dylib+0x2a7a]  Java_Mapper_Device_00024Signal_update__ILMapper_TimeTag_2+0x28a
J 102  Mapper.Device$Signal.update(I)V (0 bytes) @ 0x000000010e5bcba8 [0x000000010e5bcb00+0xa8]

Java frames: (J=compiled Java code, j=interpreted, Vv=VM code)
J 102  Mapper.Device$Signal.update(I)V (0 bytes) @ 0x000000010e5bcb38 [0x000000010e5bcb00+0x38]
J 75 C2 Serial_Processing_libMapper_v0_0_7.parseAndAddOrUpdate(Ljava/lang/String;)V (135 bytes) @ 0x000000010e5bfd8c [0x000000010e5bf520+0x86c]
J 97 C2 sun.reflect.DelegatingMethodAccessorImpl.invoke(Ljava/lang/Object;[Ljava/lang/Object;)Ljava/lang/Object; (10 bytes) @ 0x000000010e5c52a0 [0x000000010e5c4ee0+0x3c0]
J 54 C2 processing.serial.Serial.serialEvent(Ljssc/SerialPortEvent;)V (303 bytes) @ 0x000000010e5ae000 [0x000000010e5adf40+0xc0]
J 50% C2 jssc.SerialPort$LinuxEventThread.run()V (541 bytes) @ 0x000000010e596a94 [0x000000010e596940+0x154]
v  ~StubRoutines::call_stub

---------------  P R O C E S S  ---------------

Java Threads: ( => current thread )
=>0x00007fa1ea831000 JavaThread "EventThread /dev/tty.usbmodem14121" [_thread_in_native, id=56507, stack(0x000000012a51f000,0x000000012a61f000)]
  0x00007fa1ea947800 JavaThread "DestroyJavaVM" [_thread_blocked, id=4867, stack(0x000000010e401000,0x000000010e501000)]
  0x00007fa1eb16d800 JavaThread "Animation Thread" [_thread_blocked, id=56111, stack(0x0000000129c7b000,0x0000000129d7b000)]
  0x00007fa1ea2f8000 JavaThread "AWT-EventQueue-0" [_thread_blocked, id=55563, stack(0x0000000126763000,0x0000000126863000)]
  0x00007fa1e9903000 JavaThread "Java2D Disposer" daemon [_thread_blocked, id=50967, stack(0x00000001243c4000,0x00000001244c4000)]
  0x00007fa1eb0b7000 JavaThread "Java2D Queue Flusher" daemon [_thread_blocked, id=49415, stack(0x00000001233cb000,0x00000001234cb000)]
  0x00007fa1eb088800 JavaThread "AWT-Shutdown" [_thread_blocked, id=27667, stack(0x0000000120453000,0x0000000120553000)]
  0x00007fa1ea833000 JavaThread "AppKit Thread" daemon [_thread_in_native, id=1811, stack(0x00007fff52bf2000,0x00007fff52c72000)]
  0x00007fa1ea023000 JavaThread "Service Thread" daemon [_thread_blocked, id=17667, stack(0x000000011e3ce000,0x000000011e4ce000)]
  0x00007fa1ea022000 JavaThread "C2 CompilerThread1" daemon [_thread_blocked, id=17155, stack(0x000000011e2cb000,0x000000011e3cb000)]
  0x00007fa1ea00a000 JavaThread "C2 CompilerThread0" daemon [_thread_blocked, id=16643, stack(0x000000011e1c8000,0x000000011e2c8000)]
  0x00007fa1e9812800 JavaThread "Signal Dispatcher" daemon [_thread_blocked, id=13579, stack(0x000000011e0c5000,0x000000011e1c5000)]
  0x00007fa1eb048800 JavaThread "Finalizer" daemon [_thread_blocked, id=11523, stack(0x000000011c6a1000,0x000000011c7a1000)]
  0x00007fa1eb048000 JavaThread "Reference Handler" daemon [_thread_blocked, id=11011, stack(0x000000011c59e000,0x000000011c69e000)]

Other Threads:
  0x00007fa1eb045000 VMThread [stack: 0x000000011c49b000,0x000000011c59b000] [id=10499]
  0x00007fa1ea01c800 WatcherThread [stack: 0x000000011e4d1000,0x000000011e5d1000] [id=18179]

VM state:not at safepoint (normal execution)

VM Mutex/Monitor currently owned by a thread: None

Heap
 PSYoungGen      total 76800K, used 24966K [0x00000007aaa80000, 0x00000007b0000000, 0x0000000800000000)
  eden space 66048K, 21% used [0x00000007aaa80000,0x00000007ab88b568,0x00000007aeb00000)
  from space 10752K, 98% used [0x00000007af580000,0x00000007affd6620,0x00000007b0000000)
  to   space 10752K, 0% used [0x00000007aeb00000,0x00000007aeb00000,0x00000007af580000)
 ParOldGen       total 174592K, used 28048K [0x0000000700000000, 0x000000070aa80000, 0x00000007aaa80000)
  object space 174592K, 16% used [0x0000000700000000,0x0000000701b64018,0x000000070aa80000)
 PSPermGen       total 21504K, used 11090K [0x00000006fae00000, 0x00000006fc300000, 0x0000000700000000)
  object space 21504K, 51% used [0x00000006fae00000,0x00000006fb8d4a08,0x00000006fc300000)

Card table byte_map: [0x00000001115c3000,0x0000000111ded000] byte_map_base: 0x000000010ddec000

Polling page: 0x000000010db43000

Code Cache  [0x000000010e503000, 0x000000010e773000, 0x0000000111503000)
 total_blobs=797 nmethods=330 adapters=421 free_code_cache=47943Kb largest_free_block=49062528

Compilation events (10 events):
Event: 89.422 Thread 0x00007fa1ea022000  333             sun.awt.SunToolkit::awtUnlock (7 bytes)
Event: 89.426 Thread 0x00007fa1ea022000 nmethod 333 0x000000010e630c50 code [0x000000010e630da0, 0x000000010e630f48]
Event: 89.521 Thread 0x00007fa1ea00a000  334  s          sun.java2d.opengl.OGLRenderQueue::getInstance (20 bytes)
Event: 89.522 Thread 0x00007fa1ea00a000 nmethod 334 0x000000010e5df110 code [0x000000010e5df260, 0x000000010e5df4b8]
Event: 89.553 Thread 0x00007fa1ea022000  336             java.awt.Component::getBackground (29 bytes)
Event: 89.554 Thread 0x00007fa1ea022000 nmethod 336 0x000000010e635090 code [0x000000010e6351e0, 0x000000010e6352e8]
Event: 89.585 Thread 0x00007fa1ea00a000  337             java.awt.Component::getForeground (29 bytes)
Event: 89.586 Thread 0x00007fa1ea00a000 nmethod 337 0x000000010e634d50 code [0x000000010e634ea0, 0x000000010e634f68]
Event: 89.642 Thread 0x00007fa1ea022000  338             sun.java2d.SurfaceData::isSurfaceLost (5 bytes)
Event: 89.642 Thread 0x00007fa1ea022000 nmethod 338 0x000000010e5df7d0 code [0x000000010e5df900, 0x000000010e5df958]

GC Heap History (4 events):
Event: 28.278 GC heap before
{Heap before GC invocations=1 (full 0):
 PSYoungGen      total 76800K, used 66048K [0x00000007aaa80000, 0x00000007b0000000, 0x0000000800000000)
  eden space 66048K, 100% used [0x00000007aaa80000,0x00000007aeb00000,0x00000007aeb00000)
  from space 10752K, 0% used [0x00000007af580000,0x00000007af580000,0x00000007b0000000)
  to   space 10752K, 0% used [0x00000007aeb00000,0x00000007aeb00000,0x00000007af580000)
 ParOldGen       total 174592K, used 2K [0x0000000700000000, 0x000000070aa80000, 0x00000007aaa80000)
  object space 174592K, 0% used [0x0000000700000000,0x00000007000008b0,0x000000070aa80000)
 PSPermGen       total 21504K, used 10766K [0x00000006fae00000, 0x00000006fc300000, 0x0000000700000000)
  object space 21504K, 50% used [0x00000006fae00000,0x00000006fb883978,0x00000006fc300000)
Event: 28.293 GC heap after
Heap after GC invocations=1 (full 0):
 PSYoungGen      total 76800K, used 9624K [0x00000007aaa80000, 0x00000007b0000000, 0x0000000800000000)
  eden space 66048K, 0% used [0x00000007aaa80000,0x00000007aaa80000,0x00000007aeb00000)
  from space 10752K, 89% used [0x00000007aeb00000,0x00000007af4660b0,0x00000007af580000)
  to   space 10752K, 0% used [0x00000007af580000,0x00000007af580000,0x00000007b0000000)
 ParOldGen       total 174592K, used 22510K [0x0000000700000000, 0x000000070aa80000, 0x00000007aaa80000)
  object space 174592K, 12% used [0x0000000700000000,0x00000007015fb8e0,0x000000070aa80000)
 PSPermGen       total 21504K, used 10766K [0x00000006fae00000, 0x00000006fc300000, 0x0000000700000000)
  object space 21504K, 50% used [0x00000006fae00000,0x00000006fb883978,0x00000006fc300000)
}
Event: 79.048 GC heap before
{Heap before GC invocations=2 (full 0):
 PSYoungGen      total 76800K, used 75672K [0x00000007aaa80000, 0x00000007b0000000, 0x0000000800000000)
  eden space 66048K, 100% used [0x00000007aaa80000,0x00000007aeb00000,0x00000007aeb00000)
  from space 10752K, 89% used [0x00000007aeb00000,0x00000007af4660b0,0x00000007af580000)
  to   space 10752K, 0% used [0x00000007af580000,0x00000007af580000,0x00000007b0000000)
 ParOldGen       total 174592K, used 24116K [0x0000000700000000, 0x000000070aa80000, 0x00000007aaa80000)
  object space 174592K, 13% used [0x0000000700000000,0x000000070178d3e8,0x000000070aa80000)
 PSPermGen       total 21504K, used 10895K [0x00000006fae00000, 0x00000006fc300000, 0x0000000700000000)
  object space 21504K, 50% used [0x00000006fae00000,0x00000006fb8a3db8,0x00000006fc300000)
Event: 79.058 GC heap after
Heap after GC invocations=2 (full 0):
 PSYoungGen      total 76800K, used 10585K [0x00000007aaa80000, 0x00000007b0000000, 0x0000000800000000)
  eden space 66048K, 0% used [0x00000007aaa80000,0x00000007aaa80000,0x00000007aeb00000)
  from space 10752K, 98% used [0x00000007af580000,0x00000007affd6620,0x00000007b0000000)
  to   space 10752K, 0% used [0x00000007aeb00000,0x00000007aeb00000,0x00000007af580000)
 ParOldGen       total 174592K, used 28048K [0x0000000700000000, 0x000000070aa80000, 0x00000007aaa80000)
  object space 174592K, 16% used [0x0000000700000000,0x0000000701b64018,0x000000070aa80000)
 PSPermGen       total 21504K, used 10895K [0x00000006fae00000, 0x00000006fc300000, 0x0000000700000000)
  object space 21504K, 50% used [0x00000006fae00000,0x00000006fb8a3db8,0x00000006fc300000)
}

Deoptimization events (10 events):
Event: 32.226 Thread 0x00007fa1ea831000 Uncommon trap: reason=bimorphic action=maybe_recompile pc=0x000000010e5c8604 method=sun.java2d.loops.SurfaceType.pixelFor(ILjava/awt/image/ColorModel;)I @ 6
Event: 32.227 Thread 0x00007fa1ea831000 Uncommon trap: reason=unreached action=reinterpret pc=0x000000010e5d1bfc method=sun.awt.image.SurfaceManager.getManager(Ljava/awt/Image;)Lsun/awt/image/SurfaceManager; @ 9
Event: 32.229 Thread 0x00007fa1ea831000 Uncommon trap: reason=bimorphic action=maybe_recompile pc=0x000000010e5c8604 method=sun.java2d.loops.SurfaceType.pixelFor(ILjava/awt/image/ColorModel;)I @ 6
Event: 32.230 Thread 0x00007fa1ea831000 Uncommon trap: reason=bimorphic action=maybe_recompile pc=0x000000010e5c8604 method=sun.java2d.loops.SurfaceType.pixelFor(ILjava/awt/image/ColorModel;)I @ 6
Event: 32.250 Thread 0x00007fa1ea831000 Uncommon trap: reason=bimorphic action=maybe_recompile pc=0x000000010e5c8604 method=sun.java2d.loops.SurfaceType.pixelFor(ILjava/awt/image/ColorModel;)I @ 6
Event: 32.253 Thread 0x00007fa1ea831000 Uncommon trap: reason=bimorphic action=maybe_recompile pc=0x000000010e5c82bc method=sun.java2d.loops.SurfaceType.pixelFor(ILjava/awt/image/ColorModel;)I @ 6
Event: 39.483 Thread 0x00007fa1eb16d800 Uncommon trap: reason=range_check action=make_not_entrant pc=0x000000010e5df2e0 method=java.awt.geom.AffineTransform.<init>([D)V @ 7
Event: 52.506 Thread 0x00007fa1eb16d800 Uncommon trap: reason=unreached action=reinterpret pc=0x000000010e5f6f28 method=java.util.WeakHashMap.get(Ljava/lang/Object;)Ljava/lang/Object; @ 35
Event: 88.861 Thread 0x00007fa1ea833000 Uncommon trap: reason=unreached action=reinterpret pc=0x000000010e5e61f4 method=java.util.concurrent.locks.AbstractQueuedSynchronizer.release(I)Z @ 14
Event: 88.861 Thread 0x00007fa1ea833000 Uncommon trap: reason=unreached action=reinterpret pc=0x000000010e5ee8ac method=java.util.concurrent.locks.AbstractQueuedSynchronizer.release(I)Z @ 14

Internal exceptions (10 events):
Event: 4.396 Thread 0x00007fa1eb16d800 Threw 0x00000007ac4a5928 at /HUDSON/workspace/7u-2-build-macosx-x86_64/jdk7u79/2331/hotspot/src/share/vm/prims/jvm.cpp:1304
Event: 4.823 Thread 0x00007fa1eb16d800 Threw 0x00000007acf1d848 at /HUDSON/workspace/7u-2-build-macosx-x86_64/jdk7u79/2331/hotspot/src/share/vm/prims/jvm.cpp:1304
Event: 32.203 Thread 0x00007fa1ea831000 Threw 0x00000007ab21e660 at /HUDSON/workspace/7u-2-build-macosx-x86_64/jdk7u79/2331/hotspot/src/share/vm/prims/jni.cpp:717
Event: 32.227 Thread 0x00007fa1ea831000 Implicit null exception at 0x000000010e5d0ab5 to 0x000000010e5d1bc1
Event: 32.231 Thread 0x00007fa1ea831000 Threw 0x00000007ab2cd0e0 at /HUDSON/workspace/7u-2-build-macosx-x86_64/jdk7u79/2331/hotspot/src/share/vm/prims/jni.cpp:717
Event: 52.466 Thread 0x00007fa1ea831000 Threw 0x00000007acc15108 at /HUDSON/workspace/7u-2-build-macosx-x86_64/jdk7u79/2331/hotspot/src/share/vm/prims/jni.cpp:717
Event: 79.012 Thread 0x00007fa1ea831000 Threw 0x00000007ae418f50 at /HUDSON/workspace/7u-2-build-macosx-x86_64/jdk7u79/2331/hotspot/src/share/vm/prims/jni.cpp:717
Event: 79.043 Thread 0x00007fa1ea831000 Threw 0x00000007ae4b10c0 at /HUDSON/workspace/7u-2-build-macosx-x86_64/jdk7u79/2331/hotspot/src/share/vm/prims/jni.cpp:717
Event: 88.861 Thread 0x00007fa1ea833000 Implicit null exception at 0x000000010e5e60d1 to 0x000000010e5e61e2
Event: 88.861 Thread 0x00007fa1ea833000 Implicit null exception at 0x000000010e5ee790 to 0x000000010e5ee89a

Events (10 events):
Event: 89.626 loading class 0x00007fa1eb0e5120
Event: 89.627 loading class 0x00007fa1eb0e5120 done
Event: 89.627 loading class 0x00007fa1eb0e5b10
Event: 89.628 loading class 0x00007fa1eb0e5b10 done
Event: 89.629 loading class 0x00007fa1eb0e4ce0
Event: 89.629 loading class 0x00007fa1ea1653f0
Event: 89.629 loading class 0x00007fa1ea1653f0 done
Event: 89.629 loading class 0x00007fa1ea2ceab0
Event: 89.630 loading class 0x00007fa1ea2ceab0 done
Event: 89.630 loading class 0x00007fa1eb0e4ce0 done


Dynamic libraries:
0x000000000d23e000 	/System/Library/Frameworks/Cocoa.framework/Versions/A/Cocoa
0x000000000d23e000 	/System/Library/Frameworks/Security.framework/Versions/A/Security
0x000000000d23e000 	/System/Library/Frameworks/ApplicationServices.framework/Versions/A/ApplicationServices
0x000000000d23e000 	/usr/lib/libz.1.dylib
0x000000000d23e000 	/usr/lib/libSystem.B.dylib
0x000000000d23e000 	/usr/lib/libobjc.A.dylib
0x000000000d23e000 	/System/Library/Frameworks/CoreFoundation.framework/Versions/A/CoreFoundation
0x000000000d23e000 	/System/Library/Frameworks/Foundation.framework/Versions/C/Foundation
0x000000000d23e000 	/System/Library/Frameworks/AppKit.framework/Versions/C/AppKit
0x000000000d23e000 	/System/Library/Frameworks/CoreData.framework/Versions/A/CoreData
0x000000000d23e000 	/System/Library/PrivateFrameworks/RemoteViewServices.framework/Versions/A/RemoteViewServices
0x000000000d23e000 	/System/Library/PrivateFrameworks/UIFoundation.framework/Versions/A/UIFoundation
0x000000000d23e000 	/System/Library/Frameworks/IOSurface.framework/Versions/A/IOSurface
0x000000000d23e000 	/System/Library/Frameworks/AudioToolbox.framework/Versions/A/AudioToolbox
0x000000000d23e000 	/System/Library/Frameworks/AudioUnit.framework/Versions/A/AudioUnit
0x000000000d23e000 	/System/Library/PrivateFrameworks/DataDetectorsCore.framework/Versions/A/DataDetectorsCore
0x000000000d23e000 	/System/Library/PrivateFrameworks/DesktopServicesPriv.framework/Versions/A/DesktopServicesPriv
0x000000000d23e000 	/System/Library/Frameworks/Carbon.framework/Versions/A/Frameworks/HIToolbox.framework/Versions/A/HIToolbox
0x000000000d23e000 	/System/Library/Frameworks/QuartzCore.framework/Versions/A/QuartzCore
0x000000000d23e000 	/System/Library/Frameworks/Carbon.framework/Versions/A/Frameworks/SpeechRecognition.framework/Versions/A/SpeechRecognition
0x000000000d23e000 	/usr/lib/libauto.dylib
0x000000000d23e000 	/usr/lib/libicucore.A.dylib
0x000000000d23e000 	/usr/lib/libxml2.2.dylib
0x000000000d23e000 	/System/Library/PrivateFrameworks/CoreUI.framework/Versions/A/CoreUI
0x000000000d23e000 	/System/Library/Frameworks/CoreAudio.framework/Versions/A/CoreAudio
0x000000000d23e000 	/System/Library/Frameworks/DiskArbitration.framework/Versions/A/DiskArbitration
0x000000000d23e000 	/usr/lib/liblangid.dylib
0x000000000d23e000 	/System/Library/PrivateFrameworks/MultitouchSupport.framework/Versions/A/MultitouchSupport
0x000000000d23e000 	/System/Library/Frameworks/IOKit.framework/Versions/A/IOKit
0x000000000d23e000 	/usr/lib/libDiagnosticMessagesClient.dylib
0x000000000d23e000 	/System/Library/Frameworks/CoreServices.framework/Versions/A/CoreServices
0x000000000d23e000 	/System/Library/PrivateFrameworks/PerformanceAnalysis.framework/Versions/A/PerformanceAnalysis
0x000000000d23e000 	/System/Library/PrivateFrameworks/GenerationalStorage.framework/Versions/A/GenerationalStorage
0x000000000d23e000 	/System/Library/Frameworks/OpenGL.framework/Versions/A/OpenGL
0x000000000d23e000 	/System/Library/PrivateFrameworks/Sharing.framework/Versions/A/Sharing
0x000000000d23e000 	/System/Library/Frameworks/CoreGraphics.framework/Versions/A/CoreGraphics
0x000000000d23e000 	/System/Library/Frameworks/CoreText.framework/Versions/A/CoreText
0x000000000d23e000 	/System/Library/Frameworks/ImageIO.framework/Versions/A/ImageIO
0x000000000d23e000 	/usr/lib/libextension.dylib
0x000000000d23e000 	/System/Library/PrivateFrameworks/Backup.framework/Versions/A/Backup
0x000000000d23e000 	/usr/lib/libarchive.2.dylib
0x000000000d23e000 	/System/Library/Frameworks/CFNetwork.framework/Versions/A/CFNetwork
0x000000000d23e000 	/System/Library/Frameworks/SystemConfiguration.framework/Versions/A/SystemConfiguration
0x000000000d23e000 	/usr/lib/libCRFSuite.dylib
0x000000000d23e000 	/usr/lib/libc++.1.dylib
0x000000000d23e000 	/usr/lib/libc++abi.dylib
0x000000000d23e000 	/usr/lib/system/libcache.dylib
0x000000000d23e000 	/usr/lib/system/libcommonCrypto.dylib
0x000000000d23e000 	/usr/lib/system/libcompiler_rt.dylib
0x000000000d23e000 	/usr/lib/system/libcopyfile.dylib
0x000000000d23e000 	/usr/lib/system/libcorecrypto.dylib
0x000000000d23e000 	/usr/lib/system/libdispatch.dylib
0x000000000d23e000 	/usr/lib/system/libdyld.dylib
0x000000000d23e000 	/usr/lib/system/libkeymgr.dylib
0x000000000d23e000 	/usr/lib/system/liblaunch.dylib
0x000000000d23e000 	/usr/lib/system/libmacho.dylib
0x000000000d23e000 	/usr/lib/system/libquarantine.dylib
0x000000000d23e000 	/usr/lib/system/libremovefile.dylib
0x000000000d23e000 	/usr/lib/system/libsystem_asl.dylib
0x000000000d23e000 	/usr/lib/system/libsystem_blocks.dylib
0x000000000d23e000 	/usr/lib/system/libsystem_c.dylib
0x000000000d23e000 	/usr/lib/system/libsystem_configuration.dylib
0x000000000d23e000 	/usr/lib/system/libsystem_coreservices.dylib
0x000000000d23e000 	/usr/lib/system/libsystem_coretls.dylib
0x000000000d23e000 	/usr/lib/system/libsystem_dnssd.dylib
0x000000000d23e000 	/usr/lib/system/libsystem_info.dylib
0x000000000d23e000 	/usr/lib/system/libsystem_kernel.dylib
0x000000000d23e000 	/usr/lib/system/libsystem_m.dylib
0x000000000d23e000 	/usr/lib/system/libsystem_malloc.dylib
0x000000000d23e000 	/usr/lib/system/libsystem_network.dylib
0x000000000d23e000 	/usr/lib/system/libsystem_networkextension.dylib
0x000000000d23e000 	/usr/lib/system/libsystem_notify.dylib
0x000000000d23e000 	/usr/lib/system/libsystem_platform.dylib
0x000000000d23e000 	/usr/lib/system/libsystem_pthread.dylib
0x000000000d23e000 	/usr/lib/system/libsystem_sandbox.dylib
0x000000000d23e000 	/usr/lib/system/libsystem_secinit.dylib
0x000000000d23e000 	/usr/lib/system/libsystem_stats.dylib
0x000000000d23e000 	/usr/lib/system/libsystem_trace.dylib
0x000000000d23e000 	/usr/lib/system/libunc.dylib
0x000000000d23e000 	/usr/lib/system/libunwind.dylib
0x000000000d23e000 	/usr/lib/system/libxpc.dylib
0x000000000d23e000 	/usr/lib/libbz2.1.0.dylib
0x000000000d23e000 	/usr/lib/liblzma.5.dylib
0x000000000d23e000 	/usr/lib/libbsm.0.dylib
0x000000000d23e000 	/usr/lib/libsqlite3.dylib
0x000000000d23e000 	/usr/lib/system/libkxld.dylib
0x000000000d23e000 	/usr/lib/libxar.1.dylib
0x000000000d23e000 	/usr/lib/libpam.2.dylib
0x000000000d23e000 	/usr/lib/libOpenScriptingUtil.dylib
0x000000000d23e000 	/System/Library/Frameworks/CoreServices.framework/Versions/A/Frameworks/FSEvents.framework/Versions/A/FSEvents
0x000000000d23e000 	/System/Library/Frameworks/CoreServices.framework/Versions/A/Frameworks/CarbonCore.framework/Versions/A/CarbonCore
0x000000000d23e000 	/System/Library/Frameworks/CoreServices.framework/Versions/A/Frameworks/Metadata.framework/Versions/A/Metadata
0x000000000d23e000 	/System/Library/Frameworks/CoreServices.framework/Versions/A/Frameworks/OSServices.framework/Versions/A/OSServices
0x000000000d23e000 	/System/Library/Frameworks/CoreServices.framework/Versions/A/Frameworks/SearchKit.framework/Versions/A/SearchKit
0x000000000d23e000 	/System/Library/Frameworks/CoreServices.framework/Versions/A/Frameworks/AE.framework/Versions/A/AE
0x000000000d23e000 	/System/Library/Frameworks/CoreServices.framework/Versions/A/Frameworks/LaunchServices.framework/Versions/A/LaunchServices
0x000000000d23e000 	/System/Library/Frameworks/CoreServices.framework/Versions/A/Frameworks/DictionaryServices.framework/Versions/A/DictionaryServices
0x000000000d23e000 	/System/Library/Frameworks/NetFS.framework/Versions/A/NetFS
0x000000000d23e000 	/System/Library/PrivateFrameworks/NetAuth.framework/Versions/A/NetAuth
0x000000000d23e000 	/System/Library/PrivateFrameworks/login.framework/Versions/A/Frameworks/loginsupport.framework/Versions/A/loginsupport
0x000000000d23e000 	/System/Library/PrivateFrameworks/TCC.framework/Versions/A/TCC
0x000000000d23e000 	/usr/lib/libmecabra.dylib
0x000000000d23e000 	/System/Library/Frameworks/ApplicationServices.framework/Versions/A/Frameworks/ATS.framework/Versions/A/ATS
0x000000000d23e000 	/System/Library/Frameworks/ApplicationServices.framework/Versions/A/Frameworks/ColorSync.framework/Versions/A/ColorSync
0x000000000d23e000 	/System/Library/Frameworks/ApplicationServices.framework/Versions/A/Frameworks/HIServices.framework/Versions/A/HIServices
0x000000000d23e000 	/System/Library/Frameworks/ApplicationServices.framework/Versions/A/Frameworks/LangAnalysis.framework/Versions/A/LangAnalysis
0x000000000d23e000 	/System/Library/Frameworks/ApplicationServices.framework/Versions/A/Frameworks/PrintCore.framework/Versions/A/PrintCore
0x000000000d23e000 	/System/Library/Frameworks/ApplicationServices.framework/Versions/A/Frameworks/QD.framework/Versions/A/QD
0x000000000d23e000 	/System/Library/Frameworks/ApplicationServices.framework/Versions/A/Frameworks/SpeechSynthesis.framework/Versions/A/SpeechSynthesis
0x000000000d23e000 	/System/Library/Frameworks/Accelerate.framework/Versions/A/Accelerate
0x000000000d23e000 	/System/Library/Frameworks/Accelerate.framework/Versions/A/Frameworks/vImage.framework/Versions/A/vImage
0x000000000d23e000 	/System/Library/Frameworks/Accelerate.framework/Versions/A/Frameworks/vecLib.framework/Versions/A/vecLib
0x000000000d23e000 	/System/Library/Frameworks/Accelerate.framework/Versions/A/Frameworks/vecLib.framework/Versions/A/libvDSP.dylib
0x000000000d23e000 	/System/Library/Frameworks/Accelerate.framework/Versions/A/Frameworks/vecLib.framework/Versions/A/libvMisc.dylib
0x000000000d23e000 	/System/Library/Frameworks/Accelerate.framework/Versions/A/Frameworks/vecLib.framework/Versions/A/libLAPACK.dylib
0x000000000d23e000 	/System/Library/Frameworks/Accelerate.framework/Versions/A/Frameworks/vecLib.framework/Versions/A/libBLAS.dylib
0x000000000d23e000 	/System/Library/Frameworks/Accelerate.framework/Versions/A/Frameworks/vecLib.framework/Versions/A/libLinearAlgebra.dylib
0x000000000d23e000 	/System/Library/Frameworks/ApplicationServices.framework/Versions/A/Frameworks/ATS.framework/Versions/A/Resources/libFontParser.dylib
0x000000000d23e000 	/System/Library/Frameworks/ApplicationServices.framework/Versions/A/Frameworks/ATS.framework/Versions/A/Resources/libFontRegistry.dylib
0x000000000d23e000 	/System/Library/PrivateFrameworks/AppleVPA.framework/Versions/A/AppleVPA
0x000000000d23e000 	/System/Library/PrivateFrameworks/AppleJPEG.framework/Versions/A/AppleJPEG
0x000000000d23e000 	/System/Library/Frameworks/ImageIO.framework/Versions/A/Resources/libJPEG.dylib
0x000000000d23e000 	/System/Library/Frameworks/ImageIO.framework/Versions/A/Resources/libTIFF.dylib
0x000000000d23e000 	/System/Library/Frameworks/ImageIO.framework/Versions/A/Resources/libPng.dylib
0x000000000d23e000 	/System/Library/Frameworks/ImageIO.framework/Versions/A/Resources/libGIF.dylib
0x000000000d23e000 	/System/Library/Frameworks/ImageIO.framework/Versions/A/Resources/libJP2.dylib
0x000000000d23e000 	/System/Library/Frameworks/ImageIO.framework/Versions/A/Resources/libRadiance.dylib
0x000000000d23e000 	/System/Library/Frameworks/CoreVideo.framework/Versions/A/CoreVideo
0x000000000d23e000 	/System/Library/Frameworks/OpenGL.framework/Versions/A/Libraries/libGLU.dylib
0x000000000d23e000 	/System/Library/Frameworks/OpenGL.framework/Versions/A/Libraries/libGFXShared.dylib
0x000000000d23e000 	/System/Library/Frameworks/OpenGL.framework/Versions/A/Libraries/libGL.dylib
0x000000000d23e000 	/System/Library/Frameworks/OpenGL.framework/Versions/A/Libraries/libGLImage.dylib
0x000000000d23e000 	/System/Library/Frameworks/OpenGL.framework/Versions/A/Libraries/libCVMSPluginSupport.dylib
0x000000000d23e000 	/System/Library/Frameworks/OpenGL.framework/Versions/A/Libraries/libCoreVMClient.dylib
0x000000000d23e000 	/usr/lib/libcups.2.dylib
0x000000000d23e000 	/System/Library/Frameworks/Kerberos.framework/Versions/A/Kerberos
0x000000000d23e000 	/System/Library/Frameworks/GSS.framework/Versions/A/GSS
0x000000000d23e000 	/usr/lib/libresolv.9.dylib
0x000000000d23e000 	/usr/lib/libiconv.2.dylib
0x000000000d23e000 	/System/Library/PrivateFrameworks/Heimdal.framework/Versions/A/Heimdal
0x000000000d23e000 	/usr/lib/libheimdal-asn1.dylib
0x000000000d23e000 	/System/Library/Frameworks/OpenDirectory.framework/Versions/A/OpenDirectory
0x000000000d23e000 	/System/Library/PrivateFrameworks/CommonAuth.framework/Versions/A/CommonAuth
0x000000000d23e000 	/System/Library/Frameworks/OpenDirectory.framework/Versions/A/Frameworks/CFOpenDirectory.framework/Versions/A/CFOpenDirectory
0x000000000d23e000 	/System/Library/Frameworks/SecurityFoundation.framework/Versions/A/SecurityFoundation
0x000000000d23e000 	/System/Library/PrivateFrameworks/LanguageModeling.framework/Versions/A/LanguageModeling
0x000000000d23e000 	/usr/lib/libcmph.dylib
0x000000000d23e000 	/System/Library/Frameworks/ServiceManagement.framework/Versions/A/ServiceManagement
0x000000000d23e000 	/usr/lib/libxslt.1.dylib
0x000000000d23e000 	/System/Library/Frameworks/Carbon.framework/Versions/A/Frameworks/Ink.framework/Versions/A/Ink
0x000000000d23e000 	/System/Library/Frameworks/QuartzCore.framework/Versions/A/Frameworks/CoreImage.framework/Versions/A/CoreImage
0x000000000d23e000 	/System/Library/PrivateFrameworks/CrashReporterSupport.framework/Versions/A/CrashReporterSupport
0x000000000d23e000 	/System/Library/Frameworks/OpenCL.framework/Versions/A/OpenCL
0x000000000d23e000 	/System/Library/PrivateFrameworks/FaceCore.framework/Versions/A/FaceCore
0x000000000d23e000 	/System/Library/PrivateFrameworks/Ubiquity.framework/Versions/A/Ubiquity
0x000000000d23e000 	/System/Library/PrivateFrameworks/IconServices.framework/Versions/A/IconServices
0x000000000d23e000 	/System/Library/PrivateFrameworks/ChunkingLibrary.framework/Versions/A/ChunkingLibrary
0x000000000d23e000 	/System/Library/PrivateFrameworks/Apple80211.framework/Versions/A/Apple80211
0x000000000d23e000 	/System/Library/Frameworks/CoreWLAN.framework/Versions/A/CoreWLAN
0x000000000d23e000 	/System/Library/Frameworks/IOBluetooth.framework/Versions/A/IOBluetooth
0x000000000d23e000 	/System/Library/PrivateFrameworks/CoreWiFi.framework/Versions/A/CoreWiFi
0x000000000d23e000 	/System/Library/Frameworks/CoreBluetooth.framework/Versions/A/CoreBluetooth
0x000000000d23e000 	/System/Library/PrivateFrameworks/DebugSymbols.framework/Versions/A/DebugSymbols
0x000000000d23e000 	/System/Library/PrivateFrameworks/CoreSymbolication.framework/Versions/A/CoreSymbolication
0x000000000d23e000 	/System/Library/PrivateFrameworks/Symbolication.framework/Versions/A/Symbolication
0x000000000d23e000 	/System/Library/PrivateFrameworks/SpeechRecognitionCore.framework/Versions/A/SpeechRecognitionCore
0x000000010d08c000 	/Library/Java/JavaVirtualMachines/jdk1.7.0_79.jdk/Contents/Home/jre/lib/server/libjvm.dylib
0x000000000d23e000 	/usr/lib/libstdc++.6.dylib
0x000000010db06000 	/Library/Java/JavaVirtualMachines/jdk1.7.0_79.jdk/Contents/Home/jre/lib/libverify.dylib
0x000000010db13000 	/Library/Java/JavaVirtualMachines/jdk1.7.0_79.jdk/Contents/Home/jre/lib/libjava.dylib
0x000000010db4d000 	/Library/Java/JavaVirtualMachines/jdk1.7.0_79.jdk/Contents/Home/jre/lib/libzip.dylib
0x000000011c7a3000 	/System/Library/Frameworks/JavaVM.framework/Frameworks/JavaRuntimeSupport.framework/JavaRuntimeSupport
0x000000011c7be000 	/System/Library/Frameworks/JavaVM.framework/Versions/A/Frameworks/JavaNativeFoundation.framework/Versions/A/JavaNativeFoundation
0x000000011c7d3000 	/System/Library/Frameworks/JavaVM.framework/Versions/A/JavaVM
0x000000000d23e000 	/System/Library/Frameworks/Carbon.framework/Versions/A/Carbon
0x000000011c7e0000 	/System/Library/PrivateFrameworks/JavaLaunching.framework/Versions/A/JavaLaunching
0x000000000d23e000 	/System/Library/Frameworks/Carbon.framework/Versions/A/Frameworks/CommonPanels.framework/Versions/A/CommonPanels
0x000000000d23e000 	/System/Library/Frameworks/Carbon.framework/Versions/A/Frameworks/Help.framework/Versions/A/Help
0x000000000d23e000 	/System/Library/Frameworks/Carbon.framework/Versions/A/Frameworks/ImageCapture.framework/Versions/A/ImageCapture
0x000000000d23e000 	/System/Library/Frameworks/Carbon.framework/Versions/A/Frameworks/OpenScripting.framework/Versions/A/OpenScripting
0x000000000d23e000 	/System/Library/Frameworks/Carbon.framework/Versions/A/Frameworks/Print.framework/Versions/A/Print
0x000000000d23e000 	/System/Library/Frameworks/Carbon.framework/Versions/A/Frameworks/SecurityHI.framework/Versions/A/SecurityHI
0x000000011e639000 	/Library/Java/JavaVirtualMachines/jdk1.7.0_79.jdk/Contents/Home/jre/lib/libawt.dylib
0x000000011e6e8000 	/Library/Java/JavaVirtualMachines/jdk1.7.0_79.jdk/Contents/Home/jre/lib/./libmlib_image.dylib
0x000000011e7b4000 	/Library/Java/JavaVirtualMachines/jdk1.7.0_79.jdk/Contents/Home/jre/lib/lwawt/liblwawt.dylib
0x000000011e86a000 	/Library/Java/JavaVirtualMachines/jdk1.7.0_79.jdk/Contents/Home/jre/lib/libosxapp.dylib
0x000000000d23e000 	/System/Library/Frameworks/ExceptionHandling.framework/Versions/A/ExceptionHandling
0x000000000d23e000 	/System/Library/PrivateFrameworks/CoreServicesInternal.framework/Versions/A/CoreServicesInternal
0x000000000d23e000 	/System/Library/PrivateFrameworks/CloudDocs.framework/Versions/A/CloudDocs
0x000000000d23e000 	/System/Library/PrivateFrameworks/CoreDuet.framework/Versions/A/CoreDuet
0x000000000d23e000 	/System/Library/Frameworks/CloudKit.framework/Versions/A/CloudKit
0x000000000d23e000 	/System/Library/PrivateFrameworks/ProtocolBuffer.framework/Versions/A/ProtocolBuffer
0x000000000d23e000 	/System/Library/PrivateFrameworks/CoreDuetDaemonProtocol.framework/Versions/A/CoreDuetDaemonProtocol
0x000000000d23e000 	/System/Library/PrivateFrameworks/CoreDuetDebugLogging.framework/Versions/A/CoreDuetDebugLogging
0x000000000d23e000 	/System/Library/PrivateFrameworks/MMCS.framework/Versions/A/MMCS
0x000000000d23e000 	/System/Library/Frameworks/CoreLocation.framework/Versions/A/CoreLocation
0x000000000d23e000 	/System/Library/PrivateFrameworks/ProtectedCloudStorage.framework/Versions/A/ProtectedCloudStorage
0x000000000d23e000 	/System/Library/PrivateFrameworks/GeoServices.framework/Versions/A/GeoServices
0x000000011f13a000 	/System/Library/Frameworks/CoreGraphics.framework/Versions/A/Resources/libCGCMS.A.dylib
0x0000000121226000 	/System/Library/Frameworks/CoreGraphics.framework/Versions/A/Resources/libRIP.A.dylib
0x000000012155e000 	/System/Library/Frameworks/CoreGraphics.framework/Versions/A/Resources/libCGXType.A.dylib
0x000000000d23e000 	/System/Library/Frameworks/OpenCL.framework/Versions/A/Libraries/libcldcpuengine.dylib
0x000000000d23e000 	/System/Library/PrivateFrameworks/DiskImages.framework/Versions/A/DiskImages
0x000000000d23e000 	/System/Library/Frameworks/DiscRecording.framework/Versions/A/DiscRecording
0x000000000d23e000 	/usr/lib/libcsfde.dylib
0x000000000d23e000 	/usr/lib/libcurl.4.dylib
0x000000000d23e000 	/System/Library/PrivateFrameworks/MediaKit.framework/Versions/A/MediaKit
0x000000000d23e000 	/usr/lib/libCoreStorage.dylib
0x000000000d23e000 	/System/Library/PrivateFrameworks/EFILogin.framework/Versions/A/EFILogin
0x000000000d23e000 	/usr/lib/libutil.dylib
0x000000000d23e000 	/System/Library/PrivateFrameworks/FindMyDevice.framework/Versions/A/FindMyDevice
0x000000000d23e000 	/System/Library/Frameworks/LDAP.framework/Versions/A/LDAP
0x000000000d23e000 	/usr/lib/libsasl2.2.dylib
0x000000000d23e000 	/System/Library/PrivateFrameworks/CoreDaemon.framework/Versions/B/CoreDaemon
0x000000000d23e000 	/usr/lib/libcrypto.0.9.8.dylib
0x000000000d23e000 	/System/Library/PrivateFrameworks/AppleSRP.framework/Versions/A/AppleSRP
0x000000000d23e000 	/System/Library/PrivateFrameworks/TrustEvaluationAgent.framework/Versions/A/TrustEvaluationAgent
0x0000000121fcc000 	cl_kernels
0x0000000121fce000 	/System/Library/Frameworks/OpenCL.framework/Versions/A/Libraries/ImageFormats/unorm8_bgra.dylib
0x0000000121fbe000 	cl_kernels
0x000000000d23e000 	/System/Library/PrivateFrameworks/FamilyControls.framework/Versions/A/FamilyControls
0x000000000d23e000 	/System/Library/PrivateFrameworks/CommerceKit.framework/Versions/A/Frameworks/CommerceCore.framework/Versions/A/CommerceCore
0x000000000d23e000 	/System/Library/PrivateFrameworks/SystemAdministration.framework/Versions/A/SystemAdministration
0x000000000d23e000 	/System/Library/PrivateFrameworks/AppContainer.framework/Versions/A/AppContainer
0x000000000d23e000 	/System/Library/PrivateFrameworks/SecCodeWrapper.framework/Versions/A/SecCodeWrapper
0x000000000d23e000 	/System/Library/Frameworks/DirectoryService.framework/Versions/A/DirectoryService
0x000000000d23e000 	/System/Library/PrivateFrameworks/LoginUIKit.framework/Versions/A/Frameworks/LoginUICore.framework/Versions/A/LoginUICore
0x000000000d23e000 	/usr/lib/libodfde.dylib
0x0000000123363000 	/Library/Java/JavaVirtualMachines/jdk1.7.0_79.jdk/Contents/Home/jre/lib/libfontmanager.dylib
0x000000000d23e000 	/System/Library/Frameworks/OpenGL.framework/Versions/A/Resources/GLEngine.bundle/GLEngine
0x000000000d23e000 	/System/Library/Frameworks/OpenGL.framework/Versions/A/Libraries/libGLProgrammability.dylib
0x00000001234cd000 	/System/Library/Extensions/AppleIntelBDWGraphicsGLDriver.bundle/Contents/MacOS/AppleIntelBDWGraphicsGLDriver
0x000000000d23e000 	/System/Library/PrivateFrameworks/IOAccelerator.framework/Versions/A/IOAccelerator
0x000000000d23e000 	/System/Library/PrivateFrameworks/GPUSupport.framework/Versions/A/Libraries/libGPUSupportMercury.dylib
0x000000000d23e000 	/System/Library/Frameworks/OpenGL.framework/Versions/A/Resources/GLRendererFloat.bundle/GLRendererFloat
0x00000001248fe000 	/Library/Java/JavaVirtualMachines/jdk1.7.0_79.jdk/Contents/Home/jre/lib/libosxui.dylib
0x000000012540f000 	/Library/Java/JavaVirtualMachines/jdk1.7.0_79.jdk/Contents/Home/jre/lib/libmanagement.dylib
0x000000012a4d0000 	/usr/local/lib/libmapperjni-0.2.dylib
0x000000012a4df000 	/usr/local/lib/libmapper-0.2.dylib
0x000000012a50b000 	/usr/local/lib/liblo.7.dylib
0x000000012a51a000 	/Users/fcac/.jssc/mac_os_x/libjSSC-2.8_x86_64.jnilib
0x000000012c1be000 	/Library/Java/JavaVirtualMachines/jdk1.7.0_79.jdk/Contents/Home/jre/lib/libnet.dylib
0x000000012c1d4000 	/Library/Java/JavaVirtualMachines/jdk1.7.0_79.jdk/Contents/Home/jre/lib/libnio.dylib
0x000000012c1e3000 	/Library/Java/JavaVirtualMachines/jdk1.7.0_79.jdk/Contents/Home/jre/lib/libt2k.dylib
0x000000012c53b000 	/Library/Java/JavaVirtualMachines/jdk1.7.0_79.jdk/Contents/Home/jre/lib/libdcpr.dylib

VM Arguments:
jvm_args: -Djava.library.path=/usr/local/lib -Dfile.encoding=UTF-8 
java_command: Serial_Processing_libMapper_v0_0_7
Launcher Type: SUN_STANDARD

Environment Variables:
PATH=/usr/bin:/bin:/usr/sbin:/sbin
SHELL=/bin/bash
DISPLAY=/private/tmp/com.apple.launchd.RMGq5RL7cz/org.macosforge.xquartz:0

Signal Handlers:
SIGSEGV: [libjvm.dylib+0x52daf1], sa_mask[0]=0xfffefeff, sa_flags=0x00000043
SIGBUS: [libjvm.dylib+0x52daf1], sa_mask[0]=0xfffefeff, sa_flags=0x00000042
SIGFPE: [libjvm.dylib+0x41f34e], sa_mask[0]=0xfffefeff, sa_flags=0x00000042
SIGPIPE: [libjvm.dylib+0x41f34e], sa_mask[0]=0xfffefeff, sa_flags=0x00000042
SIGXFSZ: [libjvm.dylib+0x41f34e], sa_mask[0]=0xfffefeff, sa_flags=0x00000042
SIGILL: [libjvm.dylib+0x41f34e], sa_mask[0]=0xfffefeff, sa_flags=0x00000042
SIGUSR1: SIG_DFL, sa_mask[0]=0x00000000, sa_flags=0x00000000
SIGUSR2: [libjvm.dylib+0x41ee40], sa_mask[0]=0x00000004, sa_flags=0x00000042
SIGHUP: [libjvm.dylib+0x41d0d1], sa_mask[0]=0xfffefeff, sa_flags=0x00000042
SIGINT: [libjvm.dylib+0x41d0d1], sa_mask[0]=0xfffefeff, sa_flags=0x00000042
SIGTERM: [libjvm.dylib+0x41d0d1], sa_mask[0]=0xfffefeff, sa_flags=0x00000042
SIGQUIT: [libjvm.dylib+0x41d0d1], sa_mask[0]=0xfffefeff, sa_flags=0x00000042


---------------  S Y S T E M  ---------------

OS:Bsduname:Darwin 14.5.0 Darwin Kernel Version 14.5.0: Wed Jul 29 02:26:53 PDT 2015; root:xnu-2782.40.9~1/RELEASE_X86_64 x86_64
rlimit: STACK 8192k, CORE 0k, NPROC 709, NOFILE 10240, AS infinity
load average:2.47 2.02 1.79

CPU:total 4 (2 cores per cpu, 2 threads per core) family 6 model 61 stepping 4, cmov, cx8, fxsr, mmx, sse, sse2, sse3, ssse3, sse4.1, sse4.2, popcnt, avx, avx2, aes, erms, ht, tsc, tscinvbit

Memory: 4k page, physical 16777216k(4194304k free)

/proc/meminfo:


vm_info: Java HotSpot(TM) 64-Bit Server VM (24.79-b02) for bsd-amd64 JRE (1.7.0_79-b15), built on Apr 10 2015 11:35:04 by "java_re" with gcc 4.2.1 (Based on Apple Inc. build 5658) (LLVM build 2336.11.00)

time: Mon Nov 23 16:58:09 2015
elapsed time: 89 seconds

