#
# A fatal error has been detected by the Java Runtime Environment:
#
#  SIGSEGV (0xb) at pc=0x0000000127eda58c, pid=70923, tid=56499
#
# JRE version: Java(TM) SE Runtime Environment (7.0_79-b15) (build 1.7.0_79-b15)
# Java VM: Java HotSpot(TM) 64-Bit Server VM (24.79-b02 mixed mode bsd-amd64 compressed oops)
# Problematic frame:
# C  [libmapperjni-0.2.dylib+0x158c]  create_signal_object+0x8c
#
# Failed to write core dump. Core dumps have been disabled. To enable core dumping, try "ulimit -c unlimited" before starting Java again
#
# If you would like to submit a bug report, please visit:
#   http://bugreport.java.com/bugreport/crash.jsp
# The crash happened outside the Java Virtual Machine in native code.
# See problematic frame for where to report the bug.
#

---------------  T H R E A D  ---------------

Current thread (0x00007f9f032ea000):  JavaThread "EventThread /dev/tty.usbmodem14121" [_thread_in_native, id=56499, stack(0x0000000127f24000,0x0000000128024000)]

siginfo:si_signo=SIGSEGV: si_errno=0, si_code=1 (SEGV_MAPERR), si_addr=0x0000000000000050

Registers:
RAX=0x0000000000000000, RBX=0x00007f9f032ea1e8, RCX=0x00007f9f02758e58, RDX=0x0000000000000004
RSP=0x0000000128023450, RBP=0x0000000128023490, RSI=0x0000000000000007, RDI=0x0000000000000000
R8 =0x0000000040000000, R9 =0x00000001280231b8, R10=0x000000010bc26960, R11=0x000000010bedbb20
R12=0x0000000000000000, R13=0x00007f9f0277aa10, R14=0x00007f9f0275f3e0, R15=0x00007f9f0277aa08
RIP=0x0000000127eda58c, EFLAGS=0x0000000000010202, ERR=0x0000000000000006
  TRAPNO=0x000000000000000e

Top of Stack: (sp=0x0000000128023450)
0x0000000128023450:   00000001280235e8 00007f9f032ea1e8
0x0000000128023460:   0000000000000000 00007f9f02787fb0
0x0000000128023470:   0000000128023600 00007f9f032ea1e8
0x0000000128023480:   00007f9f027791a0 00007f9f0275f3e0
0x0000000128023490:   0000000128023530 0000000127eda958
0x00000001280234a0:   00000001280234e0 000000020be69058
0x00000001280234b0:   00007f9f027791a0 00007f9f02571630
0x00000001280234c0:   0000000000000000 00000001280235e8
0x00000001280234d0:   0000000128023608 00007f9f02787fb0
0x00000001280234e0:   00000006000000ff 0000000000000000
0x00000001280234f0:   0000000128023508 0000000128023550
0x0000000128023500:   6a00e2c62e7155b7 00000006fb681128
0x0000000128023510:   0000000000000000 00000006fb681128
0x0000000128023520:   0000000128023608 00007f9f032ea000
0x0000000128023530:   00000001280235b8 000000010be75758
0x0000000128023540:   00000001280235e0 00000001280235d8
0x0000000128023550:   00000001280235c0 000000010be69058
0x0000000128023560:   406fe00000000000 0000000000000000
0x0000000128023570:   00000007ac35ee20 0000000128023578
0x0000000128023580:   0000000000000000 0000000128023608
0x0000000128023590:   00000006fb6819d8 0000000000000000
0x00000001280235a0:   00000006fb681128 0000000000000000
0x00000001280235b0:   00000001280235d8 0000000128023650
0x00000001280235c0:   000000010be69233 0000000000000000
0x00000001280235d0:   000000010be71cdb 00000007ac35ee20
0x00000001280235e0:   00000007ac35ee08 00000007ac352ce8
0x00000001280235f0:   0000000000000069 0000000000000002
0x0000000128023600:   00000007ac352b78 00000007aba62d58
0x0000000128023610:   0000000128023610 00000006fb67c3ea
0x0000000128023620:   0000000128023670 00000006fb67d7f0
0x0000000128023630:   0000000000000000 00000006fb67c428
0x0000000128023640:   00000001280235d8 0000000128023668 

Instructions: (pc=0x0000000127eda58c)
0x0000000127eda56c:   89 e0 4d 89 e9 41 ff 92 e0 00 00 00 49 89 c5 4d
0x0000000127eda57c:   85 ed 0f 84 23 01 00 00 4c 89 e7 e8 04 62 00 00
0x0000000127eda58c:   4c 89 70 50 31 c0 48 8b 75 d0 48 85 f6 74 0c 48
0x0000000127eda59c:   8b 03 48 89 df ff 90 a8 00 00 00 49 89 06 48 8b 

Register to memory mapping:

RAX=0x0000000000000000 is an unknown value
RBX=0x00007f9f032ea1e8 is an unknown value
RCX=0x00007f9f02758e58 is an unknown value
RDX=0x0000000000000004 is an unknown value
RSP=0x0000000128023450 is pointing into the stack for thread: 0x00007f9f032ea000
RBP=0x0000000128023490 is pointing into the stack for thread: 0x00007f9f032ea000
RSI=0x0000000000000007 is an unknown value
RDI=0x0000000000000000 is an unknown value
R8 =0x0000000040000000 is an unknown value
R9 =0x00000001280231b8 is pointing into the stack for thread: 0x00007f9f032ea000
R10=0x000000010bc26960: _ZN19TemplateInterpreter13_active_tableE+0x4000 in /Library/Java/JavaVirtualMachines/jdk1.7.0_79.jdk/Contents/Home/jre/lib/server/libjvm.dylib at 0x000000010b400000
R11=0x000000010bedbb20 is at entry_point+32 in (nmethod*)0x000000010bedb9d0
R12=0x0000000000000000 is an unknown value
R13=0x00007f9f0277aa10 is an unknown value
R14=0x00007f9f0275f3e0 is an unknown value
R15=0x00007f9f0277aa08 is an unknown value


Stack: [0x0000000127f24000,0x0000000128024000],  sp=0x0000000128023450,  free space=1021k
Native frames: (J=compiled Java code, j=interpreted, Vv=VM code, C=native code)
C  [libmapperjni-0.2.dylib+0x158c]  create_signal_object+0x8c
C  [libmapperjni-0.2.dylib+0x1958]  Java_Mapper_Device_add_1output+0x298
j  Mapper.Device.add_output(Ljava/lang/String;ICLjava/lang/String;Ljava/lang/Double;Ljava/lang/Double;)LMapper/Device$Signal;+0
j  mapper.MapperDelegate.addSignal(Lmodel/Block;)V+26
j  Serial_Processing_libMapper_v0_0_4.addBlockEvent(Lmodel/Block;)V+42
j  Serial_Processing_libMapper_v0_0_4.parseAndAddOrUpdate(Ljava/lang/String;)V+168
j  Serial_Processing_libMapper_v0_0_4.serialEvent(Lprocessing/serial/Serial;)V+16
j  sun.reflect.GeneratedMethodAccessor1.invoke(Ljava/lang/Object;[Ljava/lang/Object;)Ljava/lang/Object;+40
j  sun.reflect.DelegatingMethodAccessorImpl.invoke(Ljava/lang/Object;[Ljava/lang/Object;)Ljava/lang/Object;+6
j  java.lang.reflect.Method.invoke(Ljava/lang/Object;[Ljava/lang/Object;)Ljava/lang/Object;+57
j  processing.serial.Serial.serialEvent(Ljssc/SerialPortEvent;)V+191
j  jssc.SerialPort$LinuxEventThread.run()V+515
v  ~StubRoutines::call_stub
V  [libjvm.dylib+0x2dbef8]  JavaCalls::call_helper(JavaValue*, methodHandle*, JavaCallArguments*, Thread*)+0x22a
V  [libjvm.dylib+0x2dc40f]  JavaCalls::call_virtual(JavaValue*, KlassHandle, Symbol*, Symbol*, JavaCallArguments*, Thread*)+0x11b
V  [libjvm.dylib+0x2dc54c]  JavaCalls::call_virtual(JavaValue*, Handle, KlassHandle, Symbol*, Symbol*, Thread*)+0x4a
V  [libjvm.dylib+0x32b43a]  thread_entry(JavaThread*, Thread*)+0xad
V  [libjvm.dylib+0x4f759d]  JavaThread::thread_main_inner()+0x9b
V  [libjvm.dylib+0x4f8ca5]  JavaThread::run()+0x1a3
V  [libjvm.dylib+0x421c4e]  java_start(Thread*)+0x126
C  [libsystem_pthread.dylib+0x405a]  _pthread_body+0x83
C  [libsystem_pthread.dylib+0x3fd7]  _pthread_body+0x0
C  [libsystem_pthread.dylib+0x13ed]  thread_start+0xd

Java frames: (J=compiled Java code, j=interpreted, Vv=VM code)
j  Mapper.Device.add_output(Ljava/lang/String;ICLjava/lang/String;Ljava/lang/Double;Ljava/lang/Double;)LMapper/Device$Signal;+0
j  mapper.MapperDelegate.addSignal(Lmodel/Block;)V+26
j  Serial_Processing_libMapper_v0_0_4.addBlockEvent(Lmodel/Block;)V+42
j  Serial_Processing_libMapper_v0_0_4.parseAndAddOrUpdate(Ljava/lang/String;)V+168
j  Serial_Processing_libMapper_v0_0_4.serialEvent(Lprocessing/serial/Serial;)V+16
j  sun.reflect.GeneratedMethodAccessor1.invoke(Ljava/lang/Object;[Ljava/lang/Object;)Ljava/lang/Object;+40
j  sun.reflect.DelegatingMethodAccessorImpl.invoke(Ljava/lang/Object;[Ljava/lang/Object;)Ljava/lang/Object;+6
j  java.lang.reflect.Method.invoke(Ljava/lang/Object;[Ljava/lang/Object;)Ljava/lang/Object;+57
j  processing.serial.Serial.serialEvent(Ljssc/SerialPortEvent;)V+191
j  jssc.SerialPort$LinuxEventThread.run()V+515
v  ~StubRoutines::call_stub

---------------  P R O C E S S  ---------------

Java Threads: ( => current thread )
=>0x00007f9f032ea000 JavaThread "EventThread /dev/tty.usbmodem14121" [_thread_in_native, id=56499, stack(0x0000000127f24000,0x0000000128024000)]
  0x00007f9f03a1f000 JavaThread "DestroyJavaVM" [_thread_blocked, id=4867, stack(0x000000010aaa9000,0x000000010aba9000)]
  0x00007f9f039e5000 JavaThread "Animation Thread" [_thread_in_native, id=56595, stack(0x0000000127684000,0x0000000127784000)]
  0x00007f9f0396a800 JavaThread "AWT-EventQueue-0" [_thread_blocked, id=54559, stack(0x0000000124160000,0x0000000124260000)]
  0x00007f9f0400e800 JavaThread "Image Fetcher 0" daemon [_thread_blocked, id=51203, stack(0x0000000122e1c000,0x0000000122f1c000)]
  0x00007f9f040b1000 JavaThread "Java2D Disposer" daemon [_thread_blocked, id=50711, stack(0x0000000121dc8000,0x0000000121ec8000)]
  0x00007f9f038aa000 JavaThread "Java2D Queue Flusher" daemon [_thread_blocked, id=47367, stack(0x0000000120dcf000,0x0000000120ecf000)]
  0x00007f9f0310c000 JavaThread "AWT-Shutdown" [_thread_blocked, id=28179, stack(0x000000011ded3000,0x000000011dfd3000)]
  0x00007f9f02881000 JavaThread "AppKit Thread" daemon [_thread_in_native, id=1811, stack(0x00007fff551ed000,0x00007fff5526d000)]
  0x00007f9f02844800 JavaThread "Service Thread" daemon [_thread_blocked, id=17411, stack(0x000000011bd4e000,0x000000011be4e000)]
  0x00007f9f02844000 JavaThread "C2 CompilerThread1" daemon [_thread_blocked, id=16899, stack(0x000000011bc4b000,0x000000011bd4b000)]
  0x00007f9f0283b800 JavaThread "C2 CompilerThread0" daemon [_thread_blocked, id=16387, stack(0x000000011bb48000,0x000000011bc48000)]
  0x00007f9f0283b000 JavaThread "Signal Dispatcher" daemon [_thread_blocked, id=13579, stack(0x000000011ba45000,0x000000011bb45000)]
  0x00007f9f0301e800 JavaThread "Finalizer" daemon [_thread_blocked, id=11523, stack(0x000000011a0a4000,0x000000011a1a4000)]
  0x00007f9f0301e000 JavaThread "Reference Handler" daemon [_thread_blocked, id=11011, stack(0x0000000119fa1000,0x000000011a0a1000)]

Other Threads:
  0x00007f9f0301b000 VMThread [stack: 0x0000000119e9e000,0x0000000119f9e000] [id=10499]
  0x00007f9f0301f800 WatcherThread [stack: 0x000000011be51000,0x000000011bf51000] [id=17923]

VM state:not at safepoint (normal execution)

VM Mutex/Monitor currently owned by a thread: None

Heap
 PSYoungGen      total 76800K, used 29692K [0x00000007aaa80000, 0x00000007b0000000, 0x0000000800000000)
  eden space 66048K, 44% used [0x00000007aaa80000,0x00000007ac77f350,0x00000007aeb00000)
  from space 10752K, 0% used [0x00000007af580000,0x00000007af580000,0x00000007b0000000)
  to   space 10752K, 0% used [0x00000007aeb00000,0x00000007aeb00000,0x00000007af580000)
 ParOldGen       total 174592K, used 0K [0x0000000700000000, 0x000000070aa80000, 0x00000007aaa80000)
  object space 174592K, 0% used [0x0000000700000000,0x0000000700000000,0x000000070aa80000)
 PSPermGen       total 21504K, used 9817K [0x00000006fae00000, 0x00000006fc300000, 0x0000000700000000)
  object space 21504K, 45% used [0x00000006fae00000,0x00000006fb796750,0x00000006fc300000)

Card table byte_map: [0x000000010ef23000,0x000000010f74d000] byte_map_base: 0x000000010b74c000

Polling page: 0x000000010abe8000

Code Cache  [0x000000010be63000, 0x000000010c0d3000, 0x000000010ee63000)
 total_blobs=448 nmethods=23 adapters=380 free_code_cache=48590Kb largest_free_block=49734016

Compilation events (10 events):
Event: 3.346 Thread 0x00007f9f02844000   19             java.lang.String::lastIndexOf (151 bytes)
Event: 3.350 Thread 0x00007f9f02844000 nmethod 19 0x000000010bee8610 code [0x000000010bee8760, 0x000000010bee89d8]
Event: 3.351 Thread 0x00007f9f0283b800   20             java.lang.Math::min (11 bytes)
Event: 3.352 Thread 0x00007f9f0283b800 nmethod 20 0x000000010bee4810 code [0x000000010bee4940, 0x000000010bee4978]
Event: 3.731 Thread 0x00007f9f02844000   21             sun.java2d.loops.SurfaceType::getUniqueID (5 bytes)
Event: 3.731 Thread 0x00007f9f02844000 nmethod 21 0x000000010beee250 code [0x000000010beee380, 0x000000010beee3d8]
Event: 4.179 Thread 0x00007f9f0283b800   22  s          sun.java2d.loops.GraphicsPrimitiveMgr::locatePrim (96 bytes)
Event: 4.194 Thread 0x00007f9f0283b800 nmethod 22 0x000000010bef34d0 code [0x000000010bef36c0, 0x000000010bef43d8]
Event: 4.532 Thread 0x00007f9f02844000   23             jssc.SerialPort$EventThread::access$500 (5 bytes)
Event: 4.532 Thread 0x00007f9f02844000 nmethod 23 0x000000010beee050 code [0x000000010beee180, 0x000000010beee1d8]

GC Heap History (0 events):
No events

Deoptimization events (0 events):
No events

Internal exceptions (10 events):
Event: 3.348 Thread 0x00007f9f039e5000 Threw 0x00000007abb66c10 at /HUDSON/workspace/7u-2-build-macosx-x86_64/jdk7u79/2331/hotspot/src/share/vm/prims/jvm.cpp:1304
Event: 3.349 Thread 0x00007f9f039e5000 Threw 0x00000007abb7a150 at /HUDSON/workspace/7u-2-build-macosx-x86_64/jdk7u79/2331/hotspot/src/share/vm/prims/jvm.cpp:1304
Event: 3.350 Thread 0x00007f9f039e5000 Threw 0x00000007abb87430 at /HUDSON/workspace/7u-2-build-macosx-x86_64/jdk7u79/2331/hotspot/src/share/vm/prims/jvm.cpp:1304
Event: 3.351 Thread 0x00007f9f039e5000 Threw 0x00000007abb93250 at /HUDSON/workspace/7u-2-build-macosx-x86_64/jdk7u79/2331/hotspot/src/share/vm/prims/jvm.cpp:1304
Event: 3.352 Thread 0x00007f9f039e5000 Threw 0x00000007ac46bf18 at /HUDSON/workspace/7u-2-build-macosx-x86_64/jdk7u79/2331/hotspot/src/share/vm/prims/jvm.cpp:1304
Event: 3.354 Thread 0x00007f9f039e5000 Threw 0x00000007ac4acbd0 at /HUDSON/workspace/7u-2-build-macosx-x86_64/jdk7u79/2331/hotspot/src/share/vm/prims/jvm.cpp:1304
Event: 4.969 Thread 0x00007f9f032ea000 Threw 0x00000007ac34e478 at /HUDSON/workspace/7u-2-build-macosx-x86_64/jdk7u79/2331/hotspot/src/share/vm/prims/jvm.cpp:1304
Event: 4.970 Thread 0x00007f9f032ea000 Threw 0x00000007ac3514c8 at /HUDSON/workspace/7u-2-build-macosx-x86_64/jdk7u79/2331/hotspot/src/share/vm/prims/jvm.cpp:1304
Event: 4.971 Thread 0x00007f9f032ea000 Threw 0x00000007ac353ef0 at /HUDSON/workspace/7u-2-build-macosx-x86_64/jdk7u79/2331/hotspot/src/share/vm/prims/jvm.cpp:1304
Event: 4.974 Thread 0x00007f9f032ea000 Threw 0x00000007ac35a808 at /HUDSON/workspace/7u-2-build-macosx-x86_64/jdk7u79/2331/hotspot/src/share/vm/prims/jvm.cpp:1304

Events (10 events):
Event: 4.105 Executing VM operation: EnableBiasedLocking
Event: 4.105 Executing VM operation: EnableBiasedLocking done
Event: 4.969 loading class 0x00007f9f025222f0
Event: 4.969 loading class 0x00007f9f025222f0 done
Event: 4.970 loading class 0x00007f9f0240ba40
Event: 4.970 loading class 0x00007f9f0240ba40 done
Event: 4.971 loading class 0x00007f9f0264b770
Event: 4.971 loading class 0x00007f9f0264b770 done
Event: 4.973 loading class 0x00007f9f02598530
Event: 4.973 loading class 0x00007f9f02598530 done


Dynamic libraries:
0x000000000a5c4000 	/System/Library/Frameworks/Cocoa.framework/Versions/A/Cocoa
0x000000000a5c4000 	/System/Library/Frameworks/Security.framework/Versions/A/Security
0x000000000a5c4000 	/System/Library/Frameworks/ApplicationServices.framework/Versions/A/ApplicationServices
0x000000000a5c4000 	/usr/lib/libz.1.dylib
0x000000000a5c4000 	/usr/lib/libSystem.B.dylib
0x000000000a5c4000 	/usr/lib/libobjc.A.dylib
0x000000000a5c4000 	/System/Library/Frameworks/CoreFoundation.framework/Versions/A/CoreFoundation
0x000000000a5c4000 	/System/Library/Frameworks/Foundation.framework/Versions/C/Foundation
0x000000000a5c4000 	/System/Library/Frameworks/AppKit.framework/Versions/C/AppKit
0x000000000a5c4000 	/System/Library/Frameworks/CoreData.framework/Versions/A/CoreData
0x000000000a5c4000 	/System/Library/PrivateFrameworks/RemoteViewServices.framework/Versions/A/RemoteViewServices
0x000000000a5c4000 	/System/Library/PrivateFrameworks/UIFoundation.framework/Versions/A/UIFoundation
0x000000000a5c4000 	/System/Library/Frameworks/IOSurface.framework/Versions/A/IOSurface
0x000000000a5c4000 	/System/Library/Frameworks/AudioToolbox.framework/Versions/A/AudioToolbox
0x000000000a5c4000 	/System/Library/Frameworks/AudioUnit.framework/Versions/A/AudioUnit
0x000000000a5c4000 	/System/Library/PrivateFrameworks/DataDetectorsCore.framework/Versions/A/DataDetectorsCore
0x000000000a5c4000 	/System/Library/PrivateFrameworks/DesktopServicesPriv.framework/Versions/A/DesktopServicesPriv
0x000000000a5c4000 	/System/Library/Frameworks/Carbon.framework/Versions/A/Frameworks/HIToolbox.framework/Versions/A/HIToolbox
0x000000000a5c4000 	/System/Library/Frameworks/QuartzCore.framework/Versions/A/QuartzCore
0x000000000a5c4000 	/System/Library/Frameworks/Carbon.framework/Versions/A/Frameworks/SpeechRecognition.framework/Versions/A/SpeechRecognition
0x000000000a5c4000 	/usr/lib/libauto.dylib
0x000000000a5c4000 	/usr/lib/libicucore.A.dylib
0x000000000a5c4000 	/usr/lib/libxml2.2.dylib
0x000000000a5c4000 	/System/Library/PrivateFrameworks/CoreUI.framework/Versions/A/CoreUI
0x000000000a5c4000 	/System/Library/Frameworks/CoreAudio.framework/Versions/A/CoreAudio
0x000000000a5c4000 	/System/Library/Frameworks/DiskArbitration.framework/Versions/A/DiskArbitration
0x000000000a5c4000 	/usr/lib/liblangid.dylib
0x000000000a5c4000 	/System/Library/PrivateFrameworks/MultitouchSupport.framework/Versions/A/MultitouchSupport
0x000000000a5c4000 	/System/Library/Frameworks/IOKit.framework/Versions/A/IOKit
0x000000000a5c4000 	/usr/lib/libDiagnosticMessagesClient.dylib
0x000000000a5c4000 	/System/Library/Frameworks/CoreServices.framework/Versions/A/CoreServices
0x000000000a5c4000 	/System/Library/PrivateFrameworks/PerformanceAnalysis.framework/Versions/A/PerformanceAnalysis
0x000000000a5c4000 	/System/Library/PrivateFrameworks/GenerationalStorage.framework/Versions/A/GenerationalStorage
0x000000000a5c4000 	/System/Library/Frameworks/OpenGL.framework/Versions/A/OpenGL
0x000000000a5c4000 	/System/Library/PrivateFrameworks/Sharing.framework/Versions/A/Sharing
0x000000000a5c4000 	/System/Library/Frameworks/CoreGraphics.framework/Versions/A/CoreGraphics
0x000000000a5c4000 	/System/Library/Frameworks/CoreText.framework/Versions/A/CoreText
0x000000000a5c4000 	/System/Library/Frameworks/ImageIO.framework/Versions/A/ImageIO
0x000000000a5c4000 	/usr/lib/libextension.dylib
0x000000000a5c4000 	/System/Library/PrivateFrameworks/Backup.framework/Versions/A/Backup
0x000000000a5c4000 	/usr/lib/libarchive.2.dylib
0x000000000a5c4000 	/System/Library/Frameworks/CFNetwork.framework/Versions/A/CFNetwork
0x000000000a5c4000 	/System/Library/Frameworks/SystemConfiguration.framework/Versions/A/SystemConfiguration
0x000000000a5c4000 	/usr/lib/libCRFSuite.dylib
0x000000000a5c4000 	/usr/lib/libc++.1.dylib
0x000000000a5c4000 	/usr/lib/libc++abi.dylib
0x000000000a5c4000 	/usr/lib/system/libcache.dylib
0x000000000a5c4000 	/usr/lib/system/libcommonCrypto.dylib
0x000000000a5c4000 	/usr/lib/system/libcompiler_rt.dylib
0x000000000a5c4000 	/usr/lib/system/libcopyfile.dylib
0x000000000a5c4000 	/usr/lib/system/libcorecrypto.dylib
0x000000000a5c4000 	/usr/lib/system/libdispatch.dylib
0x000000000a5c4000 	/usr/lib/system/libdyld.dylib
0x000000000a5c4000 	/usr/lib/system/libkeymgr.dylib
0x000000000a5c4000 	/usr/lib/system/liblaunch.dylib
0x000000000a5c4000 	/usr/lib/system/libmacho.dylib
0x000000000a5c4000 	/usr/lib/system/libquarantine.dylib
0x000000000a5c4000 	/usr/lib/system/libremovefile.dylib
0x000000000a5c4000 	/usr/lib/system/libsystem_asl.dylib
0x000000000a5c4000 	/usr/lib/system/libsystem_blocks.dylib
0x000000000a5c4000 	/usr/lib/system/libsystem_c.dylib
0x000000000a5c4000 	/usr/lib/system/libsystem_configuration.dylib
0x000000000a5c4000 	/usr/lib/system/libsystem_coreservices.dylib
0x000000000a5c4000 	/usr/lib/system/libsystem_coretls.dylib
0x000000000a5c4000 	/usr/lib/system/libsystem_dnssd.dylib
0x000000000a5c4000 	/usr/lib/system/libsystem_info.dylib
0x000000000a5c4000 	/usr/lib/system/libsystem_kernel.dylib
0x000000000a5c4000 	/usr/lib/system/libsystem_m.dylib
0x000000000a5c4000 	/usr/lib/system/libsystem_malloc.dylib
0x000000000a5c4000 	/usr/lib/system/libsystem_network.dylib
0x000000000a5c4000 	/usr/lib/system/libsystem_networkextension.dylib
0x000000000a5c4000 	/usr/lib/system/libsystem_notify.dylib
0x000000000a5c4000 	/usr/lib/system/libsystem_platform.dylib
0x000000000a5c4000 	/usr/lib/system/libsystem_pthread.dylib
0x000000000a5c4000 	/usr/lib/system/libsystem_sandbox.dylib
0x000000000a5c4000 	/usr/lib/system/libsystem_secinit.dylib
0x000000000a5c4000 	/usr/lib/system/libsystem_stats.dylib
0x000000000a5c4000 	/usr/lib/system/libsystem_trace.dylib
0x000000000a5c4000 	/usr/lib/system/libunc.dylib
0x000000000a5c4000 	/usr/lib/system/libunwind.dylib
0x000000000a5c4000 	/usr/lib/system/libxpc.dylib
0x000000000a5c4000 	/usr/lib/libbz2.1.0.dylib
0x000000000a5c4000 	/usr/lib/liblzma.5.dylib
0x000000000a5c4000 	/usr/lib/libbsm.0.dylib
0x000000000a5c4000 	/usr/lib/libsqlite3.dylib
0x000000000a5c4000 	/usr/lib/system/libkxld.dylib
0x000000000a5c4000 	/usr/lib/libxar.1.dylib
0x000000000a5c4000 	/usr/lib/libpam.2.dylib
0x000000000a5c4000 	/usr/lib/libOpenScriptingUtil.dylib
0x000000000a5c4000 	/System/Library/Frameworks/CoreServices.framework/Versions/A/Frameworks/FSEvents.framework/Versions/A/FSEvents
0x000000000a5c4000 	/System/Library/Frameworks/CoreServices.framework/Versions/A/Frameworks/CarbonCore.framework/Versions/A/CarbonCore
0x000000000a5c4000 	/System/Library/Frameworks/CoreServices.framework/Versions/A/Frameworks/Metadata.framework/Versions/A/Metadata
0x000000000a5c4000 	/System/Library/Frameworks/CoreServices.framework/Versions/A/Frameworks/OSServices.framework/Versions/A/OSServices
0x000000000a5c4000 	/System/Library/Frameworks/CoreServices.framework/Versions/A/Frameworks/SearchKit.framework/Versions/A/SearchKit
0x000000000a5c4000 	/System/Library/Frameworks/CoreServices.framework/Versions/A/Frameworks/AE.framework/Versions/A/AE
0x000000000a5c4000 	/System/Library/Frameworks/CoreServices.framework/Versions/A/Frameworks/LaunchServices.framework/Versions/A/LaunchServices
0x000000000a5c4000 	/System/Library/Frameworks/CoreServices.framework/Versions/A/Frameworks/DictionaryServices.framework/Versions/A/DictionaryServices
0x000000000a5c4000 	/System/Library/Frameworks/NetFS.framework/Versions/A/NetFS
0x000000000a5c4000 	/System/Library/PrivateFrameworks/NetAuth.framework/Versions/A/NetAuth
0x000000000a5c4000 	/System/Library/PrivateFrameworks/login.framework/Versions/A/Frameworks/loginsupport.framework/Versions/A/loginsupport
0x000000000a5c4000 	/System/Library/PrivateFrameworks/TCC.framework/Versions/A/TCC
0x000000000a5c4000 	/usr/lib/libmecabra.dylib
0x000000000a5c4000 	/System/Library/Frameworks/ApplicationServices.framework/Versions/A/Frameworks/ATS.framework/Versions/A/ATS
0x000000000a5c4000 	/System/Library/Frameworks/ApplicationServices.framework/Versions/A/Frameworks/ColorSync.framework/Versions/A/ColorSync
0x000000000a5c4000 	/System/Library/Frameworks/ApplicationServices.framework/Versions/A/Frameworks/HIServices.framework/Versions/A/HIServices
0x000000000a5c4000 	/System/Library/Frameworks/ApplicationServices.framework/Versions/A/Frameworks/LangAnalysis.framework/Versions/A/LangAnalysis
0x000000000a5c4000 	/System/Library/Frameworks/ApplicationServices.framework/Versions/A/Frameworks/PrintCore.framework/Versions/A/PrintCore
0x000000000a5c4000 	/System/Library/Frameworks/ApplicationServices.framework/Versions/A/Frameworks/QD.framework/Versions/A/QD
0x000000000a5c4000 	/System/Library/Frameworks/ApplicationServices.framework/Versions/A/Frameworks/SpeechSynthesis.framework/Versions/A/SpeechSynthesis
0x000000000a5c4000 	/System/Library/Frameworks/Accelerate.framework/Versions/A/Accelerate
0x000000000a5c4000 	/System/Library/Frameworks/Accelerate.framework/Versions/A/Frameworks/vImage.framework/Versions/A/vImage
0x000000000a5c4000 	/System/Library/Frameworks/Accelerate.framework/Versions/A/Frameworks/vecLib.framework/Versions/A/vecLib
0x000000000a5c4000 	/System/Library/Frameworks/Accelerate.framework/Versions/A/Frameworks/vecLib.framework/Versions/A/libvDSP.dylib
0x000000000a5c4000 	/System/Library/Frameworks/Accelerate.framework/Versions/A/Frameworks/vecLib.framework/Versions/A/libvMisc.dylib
0x000000000a5c4000 	/System/Library/Frameworks/Accelerate.framework/Versions/A/Frameworks/vecLib.framework/Versions/A/libLAPACK.dylib
0x000000000a5c4000 	/System/Library/Frameworks/Accelerate.framework/Versions/A/Frameworks/vecLib.framework/Versions/A/libBLAS.dylib
0x000000000a5c4000 	/System/Library/Frameworks/Accelerate.framework/Versions/A/Frameworks/vecLib.framework/Versions/A/libLinearAlgebra.dylib
0x000000000a5c4000 	/System/Library/Frameworks/ApplicationServices.framework/Versions/A/Frameworks/ATS.framework/Versions/A/Resources/libFontParser.dylib
0x000000000a5c4000 	/System/Library/Frameworks/ApplicationServices.framework/Versions/A/Frameworks/ATS.framework/Versions/A/Resources/libFontRegistry.dylib
0x000000000a5c4000 	/System/Library/PrivateFrameworks/AppleVPA.framework/Versions/A/AppleVPA
0x000000000a5c4000 	/System/Library/PrivateFrameworks/AppleJPEG.framework/Versions/A/AppleJPEG
0x000000000a5c4000 	/System/Library/Frameworks/ImageIO.framework/Versions/A/Resources/libJPEG.dylib
0x000000000a5c4000 	/System/Library/Frameworks/ImageIO.framework/Versions/A/Resources/libTIFF.dylib
0x000000000a5c4000 	/System/Library/Frameworks/ImageIO.framework/Versions/A/Resources/libPng.dylib
0x000000000a5c4000 	/System/Library/Frameworks/ImageIO.framework/Versions/A/Resources/libGIF.dylib
0x000000000a5c4000 	/System/Library/Frameworks/ImageIO.framework/Versions/A/Resources/libJP2.dylib
0x000000000a5c4000 	/System/Library/Frameworks/ImageIO.framework/Versions/A/Resources/libRadiance.dylib
0x000000000a5c4000 	/System/Library/Frameworks/CoreVideo.framework/Versions/A/CoreVideo
0x000000000a5c4000 	/System/Library/Frameworks/OpenGL.framework/Versions/A/Libraries/libGLU.dylib
0x000000000a5c4000 	/System/Library/Frameworks/OpenGL.framework/Versions/A/Libraries/libGFXShared.dylib
0x000000000a5c4000 	/System/Library/Frameworks/OpenGL.framework/Versions/A/Libraries/libGL.dylib
0x000000000a5c4000 	/System/Library/Frameworks/OpenGL.framework/Versions/A/Libraries/libGLImage.dylib
0x000000000a5c4000 	/System/Library/Frameworks/OpenGL.framework/Versions/A/Libraries/libCVMSPluginSupport.dylib
0x000000000a5c4000 	/System/Library/Frameworks/OpenGL.framework/Versions/A/Libraries/libCoreVMClient.dylib
0x000000000a5c4000 	/usr/lib/libcups.2.dylib
0x000000000a5c4000 	/System/Library/Frameworks/Kerberos.framework/Versions/A/Kerberos
0x000000000a5c4000 	/System/Library/Frameworks/GSS.framework/Versions/A/GSS
0x000000000a5c4000 	/usr/lib/libresolv.9.dylib
0x000000000a5c4000 	/usr/lib/libiconv.2.dylib
0x000000000a5c4000 	/System/Library/PrivateFrameworks/Heimdal.framework/Versions/A/Heimdal
0x000000000a5c4000 	/usr/lib/libheimdal-asn1.dylib
0x000000000a5c4000 	/System/Library/Frameworks/OpenDirectory.framework/Versions/A/OpenDirectory
0x000000000a5c4000 	/System/Library/PrivateFrameworks/CommonAuth.framework/Versions/A/CommonAuth
0x000000000a5c4000 	/System/Library/Frameworks/OpenDirectory.framework/Versions/A/Frameworks/CFOpenDirectory.framework/Versions/A/CFOpenDirectory
0x000000000a5c4000 	/System/Library/Frameworks/SecurityFoundation.framework/Versions/A/SecurityFoundation
0x000000000a5c4000 	/System/Library/PrivateFrameworks/LanguageModeling.framework/Versions/A/LanguageModeling
0x000000000a5c4000 	/usr/lib/libcmph.dylib
0x000000000a5c4000 	/System/Library/Frameworks/ServiceManagement.framework/Versions/A/ServiceManagement
0x000000000a5c4000 	/usr/lib/libxslt.1.dylib
0x000000000a5c4000 	/System/Library/Frameworks/Carbon.framework/Versions/A/Frameworks/Ink.framework/Versions/A/Ink
0x000000000a5c4000 	/System/Library/Frameworks/QuartzCore.framework/Versions/A/Frameworks/CoreImage.framework/Versions/A/CoreImage
0x000000000a5c4000 	/System/Library/PrivateFrameworks/CrashReporterSupport.framework/Versions/A/CrashReporterSupport
0x000000000a5c4000 	/System/Library/Frameworks/OpenCL.framework/Versions/A/OpenCL
0x000000000a5c4000 	/System/Library/PrivateFrameworks/FaceCore.framework/Versions/A/FaceCore
0x000000000a5c4000 	/System/Library/PrivateFrameworks/Ubiquity.framework/Versions/A/Ubiquity
0x000000000a5c4000 	/System/Library/PrivateFrameworks/IconServices.framework/Versions/A/IconServices
0x000000000a5c4000 	/System/Library/PrivateFrameworks/ChunkingLibrary.framework/Versions/A/ChunkingLibrary
0x000000000a5c4000 	/System/Library/PrivateFrameworks/Apple80211.framework/Versions/A/Apple80211
0x000000000a5c4000 	/System/Library/Frameworks/CoreWLAN.framework/Versions/A/CoreWLAN
0x000000000a5c4000 	/System/Library/Frameworks/IOBluetooth.framework/Versions/A/IOBluetooth
0x000000000a5c4000 	/System/Library/PrivateFrameworks/CoreWiFi.framework/Versions/A/CoreWiFi
0x000000000a5c4000 	/System/Library/Frameworks/CoreBluetooth.framework/Versions/A/CoreBluetooth
0x000000000a5c4000 	/System/Library/PrivateFrameworks/DebugSymbols.framework/Versions/A/DebugSymbols
0x000000000a5c4000 	/System/Library/PrivateFrameworks/CoreSymbolication.framework/Versions/A/CoreSymbolication
0x000000000a5c4000 	/System/Library/PrivateFrameworks/Symbolication.framework/Versions/A/Symbolication
0x000000000a5c4000 	/System/Library/PrivateFrameworks/SpeechRecognitionCore.framework/Versions/A/SpeechRecognitionCore
0x000000010b400000 	/Library/Java/JavaVirtualMachines/jdk1.7.0_79.jdk/Contents/Home/jre/lib/server/libjvm.dylib
0x000000000a5c4000 	/usr/lib/libstdc++.6.dylib
0x000000010abab000 	/Library/Java/JavaVirtualMachines/jdk1.7.0_79.jdk/Contents/Home/jre/lib/libverify.dylib
0x000000010abb8000 	/Library/Java/JavaVirtualMachines/jdk1.7.0_79.jdk/Contents/Home/jre/lib/libjava.dylib
0x000000010abf2000 	/Library/Java/JavaVirtualMachines/jdk1.7.0_79.jdk/Contents/Home/jre/lib/libzip.dylib
0x000000011a1a6000 	/System/Library/Frameworks/JavaVM.framework/Frameworks/JavaRuntimeSupport.framework/JavaRuntimeSupport
0x000000011a1c1000 	/System/Library/Frameworks/JavaVM.framework/Versions/A/Frameworks/JavaNativeFoundation.framework/Versions/A/JavaNativeFoundation
0x000000011a1d6000 	/System/Library/Frameworks/JavaVM.framework/Versions/A/JavaVM
0x000000000a5c4000 	/System/Library/Frameworks/Carbon.framework/Versions/A/Carbon
0x000000011a1e3000 	/System/Library/PrivateFrameworks/JavaLaunching.framework/Versions/A/JavaLaunching
0x000000000a5c4000 	/System/Library/Frameworks/Carbon.framework/Versions/A/Frameworks/CommonPanels.framework/Versions/A/CommonPanels
0x000000000a5c4000 	/System/Library/Frameworks/Carbon.framework/Versions/A/Frameworks/Help.framework/Versions/A/Help
0x000000000a5c4000 	/System/Library/Frameworks/Carbon.framework/Versions/A/Frameworks/ImageCapture.framework/Versions/A/ImageCapture
0x000000000a5c4000 	/System/Library/Frameworks/Carbon.framework/Versions/A/Frameworks/OpenScripting.framework/Versions/A/OpenScripting
0x000000000a5c4000 	/System/Library/Frameworks/Carbon.framework/Versions/A/Frameworks/Print.framework/Versions/A/Print
0x000000000a5c4000 	/System/Library/Frameworks/Carbon.framework/Versions/A/Frameworks/SecurityHI.framework/Versions/A/SecurityHI
0x000000011bfbb000 	/Library/Java/JavaVirtualMachines/jdk1.7.0_79.jdk/Contents/Home/jre/lib/libawt.dylib
0x000000011c06a000 	/Library/Java/JavaVirtualMachines/jdk1.7.0_79.jdk/Contents/Home/jre/lib/./libmlib_image.dylib
0x000000011c136000 	/Library/Java/JavaVirtualMachines/jdk1.7.0_79.jdk/Contents/Home/jre/lib/lwawt/liblwawt.dylib
0x000000011c1ec000 	/Library/Java/JavaVirtualMachines/jdk1.7.0_79.jdk/Contents/Home/jre/lib/libosxapp.dylib
0x000000000a5c4000 	/System/Library/Frameworks/ExceptionHandling.framework/Versions/A/ExceptionHandling
0x000000000a5c4000 	/System/Library/PrivateFrameworks/CoreServicesInternal.framework/Versions/A/CoreServicesInternal
0x000000000a5c4000 	/System/Library/PrivateFrameworks/CloudDocs.framework/Versions/A/CloudDocs
0x000000000a5c4000 	/System/Library/PrivateFrameworks/CoreDuet.framework/Versions/A/CoreDuet
0x000000000a5c4000 	/System/Library/Frameworks/CloudKit.framework/Versions/A/CloudKit
0x000000000a5c4000 	/System/Library/PrivateFrameworks/ProtocolBuffer.framework/Versions/A/ProtocolBuffer
0x000000000a5c4000 	/System/Library/PrivateFrameworks/CoreDuetDaemonProtocol.framework/Versions/A/CoreDuetDaemonProtocol
0x000000000a5c4000 	/System/Library/PrivateFrameworks/CoreDuetDebugLogging.framework/Versions/A/CoreDuetDebugLogging
0x000000000a5c4000 	/System/Library/PrivateFrameworks/MMCS.framework/Versions/A/MMCS
0x000000000a5c4000 	/System/Library/Frameworks/CoreLocation.framework/Versions/A/CoreLocation
0x000000000a5c4000 	/System/Library/PrivateFrameworks/ProtectedCloudStorage.framework/Versions/A/ProtectedCloudStorage
0x000000000a5c4000 	/System/Library/PrivateFrameworks/GeoServices.framework/Versions/A/GeoServices
0x000000011dec3000 	/System/Library/Frameworks/CoreGraphics.framework/Versions/A/Resources/libCGCMS.A.dylib
0x000000011eca6000 	/System/Library/Frameworks/CoreGraphics.framework/Versions/A/Resources/libRIP.A.dylib
0x000000011efdf000 	/System/Library/Frameworks/CoreGraphics.framework/Versions/A/Resources/libCGXType.A.dylib
0x000000000a5c4000 	/System/Library/Frameworks/OpenCL.framework/Versions/A/Libraries/libcldcpuengine.dylib
0x000000000a5c4000 	/System/Library/PrivateFrameworks/DiskImages.framework/Versions/A/DiskImages
0x000000000a5c4000 	/System/Library/Frameworks/DiscRecording.framework/Versions/A/DiscRecording
0x000000000a5c4000 	/usr/lib/libcsfde.dylib
0x000000000a5c4000 	/usr/lib/libcurl.4.dylib
0x000000000a5c4000 	/System/Library/PrivateFrameworks/MediaKit.framework/Versions/A/MediaKit
0x000000000a5c4000 	/usr/lib/libCoreStorage.dylib
0x000000000a5c4000 	/System/Library/PrivateFrameworks/EFILogin.framework/Versions/A/EFILogin
0x000000000a5c4000 	/usr/lib/libutil.dylib
0x000000000a5c4000 	/System/Library/PrivateFrameworks/FindMyDevice.framework/Versions/A/FindMyDevice
0x000000000a5c4000 	/System/Library/Frameworks/LDAP.framework/Versions/A/LDAP
0x000000000a5c4000 	/usr/lib/libsasl2.2.dylib
0x000000000a5c4000 	/System/Library/PrivateFrameworks/CoreDaemon.framework/Versions/B/CoreDaemon
0x000000000a5c4000 	/usr/lib/libcrypto.0.9.8.dylib
0x000000000a5c4000 	/System/Library/PrivateFrameworks/AppleSRP.framework/Versions/A/AppleSRP
0x000000000a5c4000 	/System/Library/PrivateFrameworks/TrustEvaluationAgent.framework/Versions/A/TrustEvaluationAgent
0x000000011fa53000 	cl_kernels
0x000000011fa55000 	/System/Library/Frameworks/OpenCL.framework/Versions/A/Libraries/ImageFormats/unorm8_bgra.dylib
0x000000011fa45000 	cl_kernels
0x000000000a5c4000 	/System/Library/PrivateFrameworks/FamilyControls.framework/Versions/A/FamilyControls
0x000000000a5c4000 	/System/Library/PrivateFrameworks/CommerceKit.framework/Versions/A/Frameworks/CommerceCore.framework/Versions/A/CommerceCore
0x000000000a5c4000 	/System/Library/PrivateFrameworks/SystemAdministration.framework/Versions/A/SystemAdministration
0x000000000a5c4000 	/System/Library/PrivateFrameworks/AppContainer.framework/Versions/A/AppContainer
0x000000000a5c4000 	/System/Library/PrivateFrameworks/SecCodeWrapper.framework/Versions/A/SecCodeWrapper
0x000000000a5c4000 	/System/Library/Frameworks/DirectoryService.framework/Versions/A/DirectoryService
0x000000000a5c4000 	/System/Library/PrivateFrameworks/LoginUIKit.framework/Versions/A/Frameworks/LoginUICore.framework/Versions/A/LoginUICore
0x000000000a5c4000 	/usr/lib/libodfde.dylib
0x0000000120d67000 	/Library/Java/JavaVirtualMachines/jdk1.7.0_79.jdk/Contents/Home/jre/lib/libfontmanager.dylib
0x000000000a5c4000 	/System/Library/Frameworks/OpenGL.framework/Versions/A/Resources/GLEngine.bundle/GLEngine
0x000000000a5c4000 	/System/Library/Frameworks/OpenGL.framework/Versions/A/Libraries/libGLProgrammability.dylib
0x0000000120ed1000 	/System/Library/Extensions/AppleIntelBDWGraphicsGLDriver.bundle/Contents/MacOS/AppleIntelBDWGraphicsGLDriver
0x000000000a5c4000 	/System/Library/PrivateFrameworks/IOAccelerator.framework/Versions/A/IOAccelerator
0x000000000a5c4000 	/System/Library/PrivateFrameworks/GPUSupport.framework/Versions/A/Libraries/libGPUSupportMercury.dylib
0x000000000a5c4000 	/System/Library/Frameworks/OpenGL.framework/Versions/A/Resources/GLRendererFloat.bundle/GLRendererFloat
0x0000000122302000 	/Library/Java/JavaVirtualMachines/jdk1.7.0_79.jdk/Contents/Home/jre/lib/libosxui.dylib
0x0000000122e13000 	/Library/Java/JavaVirtualMachines/jdk1.7.0_79.jdk/Contents/Home/jre/lib/libmanagement.dylib
0x0000000127ed9000 	/usr/local/lib/libmapperjni-0.2.dylib
0x0000000127ee8000 	/usr/local/lib/libmapper-0.2.dylib
0x0000000127f14000 	/usr/local/lib/liblo.7.dylib
0x0000000124265000 	/Users/fcac/.jssc/mac_os_x/libjSSC-2.8_x86_64.jnilib
0x0000000129067000 	/Library/Java/JavaVirtualMachines/jdk1.7.0_79.jdk/Contents/Home/jre/lib/libdcpr.dylib

VM Arguments:
jvm_args: -Djava.library.path=/usr/local/lib -Dfile.encoding=UTF-8 
java_command: Serial_Processing_libMapper_v0_0_4
Launcher Type: SUN_STANDARD

Environment Variables:
PATH=/usr/bin:/bin:/usr/sbin:/sbin
SHELL=/bin/bash
DISPLAY=/private/tmp/com.apple.launchd.Y8g0m3qgtS/org.macosforge.xquartz:0

Signal Handlers:
SIGSEGV: [libjvm.dylib+0x52daf1], sa_mask[0]=0xfffefeff, sa_flags=0x00000043
SIGBUS: [libjvm.dylib+0x52daf1], sa_mask[0]=0xfffefeff, sa_flags=0x00000042
SIGFPE: [libjvm.dylib+0x41f34e], sa_mask[0]=0xfffefeff, sa_flags=0x00000042
SIGPIPE: [libjvm.dylib+0x41f34e], sa_mask[0]=0xfffefeff, sa_flags=0x00000042
SIGXFSZ: [libjvm.dylib+0x41f34e], sa_mask[0]=0xfffefeff, sa_flags=0x00000042
SIGILL: [libjvm.dylib+0x41f34e], sa_mask[0]=0xfffefeff, sa_flags=0x00000042
SIGUSR1: SIG_DFL, sa_mask[0]=0x00000000, sa_flags=0x00000000
SIGUSR2: [libjvm.dylib+0x41ee40], sa_mask[0]=0x00000004, sa_flags=0x00000042
SIGHUP: [libjvm.dylib+0x41d0d1], sa_mask[0]=0xfffefeff, sa_flags=0x00000042
SIGINT: [libjvm.dylib+0x41d0d1], sa_mask[0]=0xfffefeff, sa_flags=0x00000042
SIGTERM: [libjvm.dylib+0x41d0d1], sa_mask[0]=0xfffefeff, sa_flags=0x00000042
SIGQUIT: [libjvm.dylib+0x41d0d1], sa_mask[0]=0xfffefeff, sa_flags=0x00000042


---------------  S Y S T E M  ---------------

OS:Bsduname:Darwin 14.5.0 Darwin Kernel Version 14.5.0: Wed Jul 29 02:26:53 PDT 2015; root:xnu-2782.40.9~1/RELEASE_X86_64 x86_64
rlimit: STACK 8192k, CORE 0k, NPROC 709, NOFILE 10240, AS infinity
load average:1.83 1.98 2.06

CPU:total 4 (2 cores per cpu, 2 threads per core) family 6 model 61 stepping 4, cmov, cx8, fxsr, mmx, sse, sse2, sse3, ssse3, sse4.1, sse4.2, popcnt, avx, avx2, aes, erms, ht, tsc, tscinvbit

Memory: 4k page, physical 16777216k(4194304k free)

/proc/meminfo:


vm_info: Java HotSpot(TM) 64-Bit Server VM (24.79-b02) for bsd-amd64 JRE (1.7.0_79-b15), built on Apr 10 2015 11:35:04 by "java_re" with gcc 4.2.1 (Based on Apple Inc. build 5658) (LLVM build 2336.11.00)

time: Fri Nov 20 17:54:21 2015
elapsed time: 4 seconds

